{"/Users/petterkalrsson/CM/Webb och Mobil/K3/k2/src/App.tsx": {"path":"/Users/petterkalrsson/CM/Webb och Mobil/K3/k2/src/App.tsx","all":false,"statementMap":{"0":{"start":{"line":1,"column":0},"end":{"line":1,"column":34}},"1":{"start":{"line":2,"column":0},"end":{"line":2,"column":58}},"2":{"start":{"line":3,"column":0},"end":{"line":3,"column":59}},"3":{"start":{"line":4,"column":0},"end":{"line":4,"column":46}},"4":{"start":{"line":5,"column":0},"end":{"line":5,"column":29}},"5":{"start":{"line":6,"column":0},"end":{"line":6,"column":39}},"6":{"start":{"line":7,"column":0},"end":{"line":7,"column":43}},"7":{"start":{"line":8,"column":0},"end":{"line":8,"column":0}},"8":{"start":{"line":9,"column":0},"end":{"line":9,"column":19}},"9":{"start":{"line":10,"column":0},"end":{"line":10,"column":45}},"10":{"start":{"line":11,"column":0},"end":{"line":11,"column":55}},"11":{"start":{"line":12,"column":0},"end":{"line":12,"column":45}},"12":{"start":{"line":13,"column":0},"end":{"line":13,"column":37}},"13":{"start":{"line":14,"column":0},"end":{"line":14,"column":43}},"14":{"start":{"line":15,"column":0},"end":{"line":15,"column":43}},"15":{"start":{"line":16,"column":0},"end":{"line":16,"column":0}},"16":{"start":{"line":17,"column":0},"end":{"line":17,"column":16}},"17":{"start":{"line":18,"column":0},"end":{"line":18,"column":11}},"18":{"start":{"line":19,"column":0},"end":{"line":19,"column":16}},"19":{"start":{"line":20,"column":0},"end":{"line":20,"column":13}},"20":{"start":{"line":21,"column":0},"end":{"line":21,"column":19}},"21":{"start":{"line":22,"column":0},"end":{"line":22,"column":16}},"22":{"start":{"line":23,"column":0},"end":{"line":23,"column":16}},"23":{"start":{"line":24,"column":0},"end":{"line":24,"column":22}},"24":{"start":{"line":25,"column":0},"end":{"line":25,"column":19}},"25":{"start":{"line":26,"column":0},"end":{"line":26,"column":18}},"26":{"start":{"line":27,"column":0},"end":{"line":27,"column":19}},"27":{"start":{"line":28,"column":0},"end":{"line":28,"column":12}},"28":{"start":{"line":29,"column":0},"end":{"line":29,"column":15}},"29":{"start":{"line":30,"column":0},"end":{"line":30,"column":17}},"30":{"start":{"line":31,"column":0},"end":{"line":31,"column":20}},"31":{"start":{"line":32,"column":0},"end":{"line":32,"column":15}},"32":{"start":{"line":33,"column":0},"end":{"line":33,"column":24}},"33":{"start":{"line":34,"column":0},"end":{"line":34,"column":28}},"34":{"start":{"line":35,"column":0},"end":{"line":35,"column":0}},"35":{"start":{"line":36,"column":0},"end":{"line":36,"column":31}},"36":{"start":{"line":37,"column":0},"end":{"line":37,"column":30}},"37":{"start":{"line":38,"column":0},"end":{"line":38,"column":27}},"38":{"start":{"line":39,"column":0},"end":{"line":39,"column":30}},"39":{"start":{"line":40,"column":0},"end":{"line":40,"column":30}},"40":{"start":{"line":41,"column":0},"end":{"line":41,"column":5}},"41":{"start":{"line":42,"column":0},"end":{"line":42,"column":0}},"42":{"start":{"line":43,"column":0},"end":{"line":43,"column":21}},"43":{"start":{"line":44,"column":0},"end":{"line":44,"column":19}},"44":{"start":{"line":45,"column":0},"end":{"line":45,"column":11}},"45":{"start":{"line":46,"column":0},"end":{"line":46,"column":0}},"46":{"start":{"line":47,"column":0},"end":{"line":47,"column":21}},"47":{"start":{"line":48,"column":0},"end":{"line":48,"column":81}},"48":{"start":{"line":49,"column":0},"end":{"line":49,"column":25}},"49":{"start":{"line":50,"column":0},"end":{"line":50,"column":15}},"50":{"start":{"line":51,"column":0},"end":{"line":51,"column":0}},"51":{"start":{"line":52,"column":0},"end":{"line":52,"column":21}},"52":{"start":{"line":53,"column":0},"end":{"line":53,"column":87}},"53":{"start":{"line":54,"column":0},"end":{"line":54,"column":28}},"54":{"start":{"line":55,"column":0},"end":{"line":55,"column":18}},"55":{"start":{"line":56,"column":0},"end":{"line":56,"column":0}},"56":{"start":{"line":57,"column":0},"end":{"line":57,"column":12}},"57":{"start":{"line":58,"column":0},"end":{"line":58,"column":29}},"58":{"start":{"line":59,"column":0},"end":{"line":59,"column":16}},"59":{"start":{"line":60,"column":0},"end":{"line":60,"column":26}},"60":{"start":{"line":61,"column":0},"end":{"line":61,"column":45}},"61":{"start":{"line":62,"column":0},"end":{"line":62,"column":32}},"62":{"start":{"line":63,"column":0},"end":{"line":63,"column":40}},"63":{"start":{"line":64,"column":0},"end":{"line":64,"column":18}},"64":{"start":{"line":65,"column":0},"end":{"line":65,"column":19}},"65":{"start":{"line":66,"column":0},"end":{"line":66,"column":30}},"66":{"start":{"line":67,"column":0},"end":{"line":67,"column":21}},"67":{"start":{"line":68,"column":0},"end":{"line":68,"column":34}},"68":{"start":{"line":69,"column":0},"end":{"line":69,"column":36}},"69":{"start":{"line":70,"column":0},"end":{"line":70,"column":45}},"70":{"start":{"line":71,"column":0},"end":{"line":71,"column":22}},"71":{"start":{"line":72,"column":0},"end":{"line":72,"column":17}},"72":{"start":{"line":73,"column":0},"end":{"line":73,"column":23}},"73":{"start":{"line":74,"column":0},"end":{"line":74,"column":23}},"74":{"start":{"line":75,"column":0},"end":{"line":75,"column":18}},"75":{"start":{"line":76,"column":0},"end":{"line":76,"column":20}},"76":{"start":{"line":77,"column":0},"end":{"line":77,"column":59}},"77":{"start":{"line":78,"column":0},"end":{"line":78,"column":21}},"78":{"start":{"line":79,"column":0},"end":{"line":79,"column":18}},"79":{"start":{"line":80,"column":0},"end":{"line":80,"column":46}},"80":{"start":{"line":81,"column":0},"end":{"line":81,"column":71}},"81":{"start":{"line":82,"column":0},"end":{"line":82,"column":45}},"82":{"start":{"line":83,"column":0},"end":{"line":83,"column":17}},"83":{"start":{"line":84,"column":0},"end":{"line":84,"column":18}},"84":{"start":{"line":85,"column":0},"end":{"line":85,"column":14}},"85":{"start":{"line":86,"column":0},"end":{"line":86,"column":57}},"86":{"start":{"line":87,"column":0},"end":{"line":87,"column":33}},"87":{"start":{"line":88,"column":0},"end":{"line":88,"column":18}},"88":{"start":{"line":89,"column":0},"end":{"line":89,"column":57}},"89":{"start":{"line":90,"column":0},"end":{"line":90,"column":28}},"90":{"start":{"line":91,"column":0},"end":{"line":91,"column":18}},"91":{"start":{"line":92,"column":0},"end":{"line":92,"column":57}},"92":{"start":{"line":93,"column":0},"end":{"line":93,"column":55}},"93":{"start":{"line":94,"column":0},"end":{"line":94,"column":23}},"94":{"start":{"line":95,"column":0},"end":{"line":95,"column":27}},"95":{"start":{"line":96,"column":0},"end":{"line":96,"column":28}},"96":{"start":{"line":97,"column":0},"end":{"line":97,"column":42}},"97":{"start":{"line":98,"column":0},"end":{"line":98,"column":44}},"98":{"start":{"line":99,"column":0},"end":{"line":99,"column":43}},"99":{"start":{"line":100,"column":0},"end":{"line":100,"column":29}},"100":{"start":{"line":101,"column":0},"end":{"line":101,"column":28}},"101":{"start":{"line":102,"column":0},"end":{"line":102,"column":27}},"102":{"start":{"line":103,"column":0},"end":{"line":103,"column":54}},"103":{"start":{"line":104,"column":0},"end":{"line":104,"column":89}},"104":{"start":{"line":105,"column":0},"end":{"line":105,"column":68}},"105":{"start":{"line":106,"column":0},"end":{"line":106,"column":31}},"106":{"start":{"line":107,"column":0},"end":{"line":107,"column":83}},"107":{"start":{"line":108,"column":0},"end":{"line":108,"column":36}},"108":{"start":{"line":109,"column":0},"end":{"line":109,"column":85}},"109":{"start":{"line":110,"column":0},"end":{"line":110,"column":88}},"110":{"start":{"line":111,"column":0},"end":{"line":111,"column":67}},"111":{"start":{"line":112,"column":0},"end":{"line":112,"column":71}},"112":{"start":{"line":113,"column":0},"end":{"line":113,"column":41}},"113":{"start":{"line":114,"column":0},"end":{"line":114,"column":70}},"114":{"start":{"line":115,"column":0},"end":{"line":115,"column":47}},"115":{"start":{"line":116,"column":0},"end":{"line":116,"column":76}},"116":{"start":{"line":117,"column":0},"end":{"line":117,"column":60}},"117":{"start":{"line":118,"column":0},"end":{"line":118,"column":80}},"118":{"start":{"line":119,"column":0},"end":{"line":119,"column":59}},"119":{"start":{"line":120,"column":0},"end":{"line":120,"column":46}},"120":{"start":{"line":121,"column":0},"end":{"line":121,"column":41}},"121":{"start":{"line":122,"column":0},"end":{"line":122,"column":45}},"122":{"start":{"line":123,"column":0},"end":{"line":123,"column":49}},"123":{"start":{"line":124,"column":0},"end":{"line":124,"column":41}},"124":{"start":{"line":125,"column":0},"end":{"line":125,"column":37}},"125":{"start":{"line":126,"column":0},"end":{"line":126,"column":30}},"126":{"start":{"line":127,"column":0},"end":{"line":127,"column":27}},"127":{"start":{"line":128,"column":0},"end":{"line":128,"column":28}},"128":{"start":{"line":129,"column":0},"end":{"line":129,"column":24}},"129":{"start":{"line":130,"column":0},"end":{"line":130,"column":18}},"130":{"start":{"line":131,"column":0},"end":{"line":131,"column":0}},"131":{"start":{"line":132,"column":0},"end":{"line":132,"column":70}},"132":{"start":{"line":133,"column":0},"end":{"line":133,"column":46}},"133":{"start":{"line":134,"column":0},"end":{"line":134,"column":23}},"134":{"start":{"line":135,"column":0},"end":{"line":135,"column":27}},"135":{"start":{"line":136,"column":0},"end":{"line":136,"column":28}},"136":{"start":{"line":137,"column":0},"end":{"line":137,"column":42}},"137":{"start":{"line":138,"column":0},"end":{"line":138,"column":44}},"138":{"start":{"line":139,"column":0},"end":{"line":139,"column":43}},"139":{"start":{"line":140,"column":0},"end":{"line":140,"column":29}},"140":{"start":{"line":141,"column":0},"end":{"line":141,"column":28}},"141":{"start":{"line":142,"column":0},"end":{"line":142,"column":27}},"142":{"start":{"line":143,"column":0},"end":{"line":143,"column":48}},"143":{"start":{"line":144,"column":0},"end":{"line":144,"column":89}},"144":{"start":{"line":145,"column":0},"end":{"line":145,"column":68}},"145":{"start":{"line":146,"column":0},"end":{"line":146,"column":31}},"146":{"start":{"line":147,"column":0},"end":{"line":147,"column":83}},"147":{"start":{"line":148,"column":0},"end":{"line":148,"column":36}},"148":{"start":{"line":149,"column":0},"end":{"line":149,"column":89}},"149":{"start":{"line":150,"column":0},"end":{"line":150,"column":92}},"150":{"start":{"line":151,"column":0},"end":{"line":151,"column":67}},"151":{"start":{"line":152,"column":0},"end":{"line":152,"column":71}},"152":{"start":{"line":153,"column":0},"end":{"line":153,"column":41}},"153":{"start":{"line":154,"column":0},"end":{"line":154,"column":74}},"154":{"start":{"line":155,"column":0},"end":{"line":155,"column":47}},"155":{"start":{"line":156,"column":0},"end":{"line":156,"column":74}},"156":{"start":{"line":157,"column":0},"end":{"line":157,"column":60}},"157":{"start":{"line":158,"column":0},"end":{"line":158,"column":80}},"158":{"start":{"line":159,"column":0},"end":{"line":159,"column":59}},"159":{"start":{"line":160,"column":0},"end":{"line":160,"column":46}},"160":{"start":{"line":161,"column":0},"end":{"line":161,"column":41}},"161":{"start":{"line":162,"column":0},"end":{"line":162,"column":45}},"162":{"start":{"line":163,"column":0},"end":{"line":163,"column":49}},"163":{"start":{"line":164,"column":0},"end":{"line":164,"column":41}},"164":{"start":{"line":165,"column":0},"end":{"line":165,"column":37}},"165":{"start":{"line":166,"column":0},"end":{"line":166,"column":30}},"166":{"start":{"line":167,"column":0},"end":{"line":167,"column":27}},"167":{"start":{"line":168,"column":0},"end":{"line":168,"column":28}},"168":{"start":{"line":169,"column":0},"end":{"line":169,"column":24}},"169":{"start":{"line":170,"column":0},"end":{"line":170,"column":18}},"170":{"start":{"line":171,"column":0},"end":{"line":171,"column":0}},"171":{"start":{"line":172,"column":0},"end":{"line":172,"column":65}},"172":{"start":{"line":173,"column":0},"end":{"line":173,"column":58}},"173":{"start":{"line":174,"column":0},"end":{"line":174,"column":23}},"174":{"start":{"line":175,"column":0},"end":{"line":175,"column":27}},"175":{"start":{"line":176,"column":0},"end":{"line":176,"column":28}},"176":{"start":{"line":177,"column":0},"end":{"line":177,"column":42}},"177":{"start":{"line":178,"column":0},"end":{"line":178,"column":45}},"178":{"start":{"line":179,"column":0},"end":{"line":179,"column":43}},"179":{"start":{"line":180,"column":0},"end":{"line":180,"column":29}},"180":{"start":{"line":181,"column":0},"end":{"line":181,"column":28}},"181":{"start":{"line":182,"column":0},"end":{"line":182,"column":27}},"182":{"start":{"line":183,"column":0},"end":{"line":183,"column":54}},"183":{"start":{"line":184,"column":0},"end":{"line":184,"column":36}},"184":{"start":{"line":185,"column":0},"end":{"line":185,"column":88}},"185":{"start":{"line":186,"column":0},"end":{"line":186,"column":87}},"186":{"start":{"line":187,"column":0},"end":{"line":187,"column":100}},"187":{"start":{"line":188,"column":0},"end":{"line":188,"column":70}},"188":{"start":{"line":189,"column":0},"end":{"line":189,"column":47}},"189":{"start":{"line":190,"column":0},"end":{"line":190,"column":76}},"190":{"start":{"line":191,"column":0},"end":{"line":191,"column":60}},"191":{"start":{"line":192,"column":0},"end":{"line":192,"column":83}},"192":{"start":{"line":193,"column":0},"end":{"line":193,"column":59}},"193":{"start":{"line":194,"column":0},"end":{"line":194,"column":46}},"194":{"start":{"line":195,"column":0},"end":{"line":195,"column":41}},"195":{"start":{"line":196,"column":0},"end":{"line":196,"column":45}},"196":{"start":{"line":197,"column":0},"end":{"line":197,"column":49}},"197":{"start":{"line":198,"column":0},"end":{"line":198,"column":41}},"198":{"start":{"line":199,"column":0},"end":{"line":199,"column":37}},"199":{"start":{"line":200,"column":0},"end":{"line":200,"column":30}},"200":{"start":{"line":201,"column":0},"end":{"line":201,"column":27}},"201":{"start":{"line":202,"column":0},"end":{"line":202,"column":28}},"202":{"start":{"line":203,"column":0},"end":{"line":203,"column":24}},"203":{"start":{"line":204,"column":0},"end":{"line":204,"column":18}},"204":{"start":{"line":205,"column":0},"end":{"line":205,"column":0}},"205":{"start":{"line":206,"column":0},"end":{"line":206,"column":57}},"206":{"start":{"line":207,"column":0},"end":{"line":207,"column":49}},"207":{"start":{"line":208,"column":0},"end":{"line":208,"column":23}},"208":{"start":{"line":209,"column":0},"end":{"line":209,"column":27}},"209":{"start":{"line":210,"column":0},"end":{"line":210,"column":28}},"210":{"start":{"line":211,"column":0},"end":{"line":211,"column":42}},"211":{"start":{"line":212,"column":0},"end":{"line":212,"column":45}},"212":{"start":{"line":213,"column":0},"end":{"line":213,"column":43}},"213":{"start":{"line":214,"column":0},"end":{"line":214,"column":29}},"214":{"start":{"line":215,"column":0},"end":{"line":215,"column":28}},"215":{"start":{"line":216,"column":0},"end":{"line":216,"column":27}},"216":{"start":{"line":217,"column":0},"end":{"line":217,"column":51}},"217":{"start":{"line":218,"column":0},"end":{"line":218,"column":36}},"218":{"start":{"line":219,"column":0},"end":{"line":219,"column":88}},"219":{"start":{"line":220,"column":0},"end":{"line":220,"column":87}},"220":{"start":{"line":221,"column":0},"end":{"line":221,"column":100}},"221":{"start":{"line":222,"column":0},"end":{"line":222,"column":70}},"222":{"start":{"line":223,"column":0},"end":{"line":223,"column":47}},"223":{"start":{"line":224,"column":0},"end":{"line":224,"column":74}},"224":{"start":{"line":225,"column":0},"end":{"line":225,"column":60}},"225":{"start":{"line":226,"column":0},"end":{"line":226,"column":83}},"226":{"start":{"line":227,"column":0},"end":{"line":227,"column":59}},"227":{"start":{"line":228,"column":0},"end":{"line":228,"column":46}},"228":{"start":{"line":229,"column":0},"end":{"line":229,"column":41}},"229":{"start":{"line":230,"column":0},"end":{"line":230,"column":45}},"230":{"start":{"line":231,"column":0},"end":{"line":231,"column":49}},"231":{"start":{"line":232,"column":0},"end":{"line":232,"column":41}},"232":{"start":{"line":233,"column":0},"end":{"line":233,"column":37}},"233":{"start":{"line":234,"column":0},"end":{"line":234,"column":30}},"234":{"start":{"line":235,"column":0},"end":{"line":235,"column":27}},"235":{"start":{"line":236,"column":0},"end":{"line":236,"column":28}},"236":{"start":{"line":237,"column":0},"end":{"line":237,"column":24}},"237":{"start":{"line":238,"column":0},"end":{"line":238,"column":18}},"238":{"start":{"line":239,"column":0},"end":{"line":239,"column":57}},"239":{"start":{"line":240,"column":0},"end":{"line":240,"column":28}},"240":{"start":{"line":241,"column":0},"end":{"line":241,"column":18}},"241":{"start":{"line":242,"column":0},"end":{"line":242,"column":14}},"242":{"start":{"line":243,"column":0},"end":{"line":243,"column":6}},"243":{"start":{"line":244,"column":0},"end":{"line":244,"column":1}},"244":{"start":{"line":245,"column":0},"end":{"line":245,"column":0}},"245":{"start":{"line":246,"column":0},"end":{"line":246,"column":19}}},"s":{"0":1,"1":1,"2":1,"3":1,"4":1,"5":1,"6":1,"7":1,"8":1,"9":1,"10":1,"11":1,"12":1,"13":1,"14":1,"15":1,"16":19,"17":19,"18":19,"19":19,"20":19,"21":19,"22":19,"23":19,"24":19,"25":19,"26":19,"27":19,"28":19,"29":19,"30":19,"31":19,"32":19,"33":19,"34":19,"35":19,"36":4,"37":4,"38":4,"39":4,"40":4,"41":4,"42":19,"43":4,"44":19,"45":19,"46":19,"47":7,"48":7,"49":19,"50":19,"51":19,"52":7,"53":7,"54":19,"55":19,"56":19,"57":19,"58":19,"59":19,"60":19,"61":19,"62":0,"63":0,"64":19,"65":19,"66":19,"67":19,"68":19,"69":0,"70":0,"71":19,"72":19,"73":19,"74":19,"75":19,"76":19,"77":19,"78":19,"79":19,"80":15,"81":14,"82":5,"83":5,"84":19,"85":19,"86":19,"87":19,"88":19,"89":19,"90":19,"91":19,"92":19,"93":19,"94":19,"95":19,"96":19,"97":19,"98":19,"99":19,"100":19,"101":19,"102":19,"103":8,"104":8,"105":8,"106":8,"107":8,"108":8,"109":8,"110":8,"111":8,"112":8,"113":8,"114":8,"115":8,"116":8,"117":0,"118":0,"119":0,"120":8,"121":8,"122":8,"123":8,"124":8,"125":8,"126":19,"127":19,"128":19,"129":19,"130":19,"131":19,"132":19,"133":19,"134":19,"135":19,"136":19,"137":19,"138":19,"139":19,"140":19,"141":19,"142":19,"143":44,"144":55,"145":55,"146":44,"147":44,"148":44,"149":44,"150":44,"151":44,"152":44,"153":44,"154":44,"155":44,"156":44,"157":0,"158":0,"159":0,"160":44,"161":44,"162":44,"163":44,"164":44,"165":44,"166":19,"167":19,"168":19,"169":19,"170":19,"171":19,"172":19,"173":19,"174":19,"175":19,"176":19,"177":19,"178":19,"179":19,"180":19,"181":19,"182":19,"183":16,"184":16,"185":16,"186":16,"187":16,"188":16,"189":16,"190":16,"191":0,"192":0,"193":0,"194":16,"195":16,"196":16,"197":16,"198":16,"199":16,"200":19,"201":19,"202":19,"203":19,"204":19,"205":19,"206":19,"207":19,"208":19,"209":19,"210":19,"211":19,"212":19,"213":19,"214":19,"215":19,"216":19,"217":44,"218":44,"219":44,"220":44,"221":44,"222":44,"223":44,"224":44,"225":0,"226":0,"227":0,"228":44,"229":44,"230":44,"231":44,"232":44,"233":44,"234":19,"235":19,"236":19,"237":19,"238":19,"239":19,"240":19,"241":19,"242":19,"243":19,"244":19,"245":1},"branchMap":{"0":{"type":"branch","line":17,"loc":{"start":{"line":17,"column":0},"end":{"line":246,"column":15}},"locations":[{"start":{"line":17,"column":0},"end":{"line":246,"column":15}}]},"1":{"type":"branch","line":80,"loc":{"start":{"line":80,"column":36},"end":{"line":81,"column":71}},"locations":[{"start":{"line":80,"column":36},"end":{"line":81,"column":71}}]},"2":{"type":"branch","line":81,"loc":{"start":{"line":81,"column":60},"end":{"line":82,"column":45}},"locations":[{"start":{"line":81,"column":60},"end":{"line":82,"column":45}}]},"3":{"type":"branch","line":82,"loc":{"start":{"line":82,"column":42},"end":{"line":84,"column":18}},"locations":[{"start":{"line":82,"column":42},"end":{"line":84,"column":18}}]},"4":{"type":"branch","line":36,"loc":{"start":{"line":36,"column":4},"end":{"line":43,"column":14}},"locations":[{"start":{"line":36,"column":4},"end":{"line":43,"column":14}}]},"5":{"type":"branch","line":43,"loc":{"start":{"line":43,"column":14},"end":{"line":45,"column":7}},"locations":[{"start":{"line":43,"column":14},"end":{"line":45,"column":7}}]},"6":{"type":"branch","line":47,"loc":{"start":{"line":47,"column":14},"end":{"line":50,"column":7}},"locations":[{"start":{"line":47,"column":14},"end":{"line":50,"column":7}}]},"7":{"type":"branch","line":48,"loc":{"start":{"line":48,"column":42},"end":{"line":48,"column":81}},"locations":[{"start":{"line":48,"column":42},"end":{"line":48,"column":81}}]},"8":{"type":"branch","line":52,"loc":{"start":{"line":52,"column":14},"end":{"line":55,"column":7}},"locations":[{"start":{"line":52,"column":14},"end":{"line":55,"column":7}}]},"9":{"type":"branch","line":53,"loc":{"start":{"line":53,"column":48},"end":{"line":53,"column":87}},"locations":[{"start":{"line":53,"column":48},"end":{"line":53,"column":87}}]},"10":{"type":"branch","line":103,"loc":{"start":{"line":103,"column":38},"end":{"line":127,"column":26}},"locations":[{"start":{"line":103,"column":38},"end":{"line":127,"column":26}}]},"11":{"type":"branch","line":112,"loc":{"start":{"line":112,"column":61},"end":{"line":112,"column":70}},"locations":[{"start":{"line":112,"column":61},"end":{"line":112,"column":70}}]},"12":{"type":"branch","line":104,"loc":{"start":{"line":104,"column":80},"end":{"line":106,"column":31}},"locations":[{"start":{"line":104,"column":80},"end":{"line":106,"column":31}}]},"13":{"type":"branch","line":143,"loc":{"start":{"line":143,"column":35},"end":{"line":167,"column":26}},"locations":[{"start":{"line":143,"column":35},"end":{"line":167,"column":26}}]},"14":{"type":"branch","line":152,"loc":{"start":{"line":152,"column":61},"end":{"line":152,"column":70}},"locations":[{"start":{"line":152,"column":61},"end":{"line":152,"column":70}}]},"15":{"type":"branch","line":144,"loc":{"start":{"line":144,"column":80},"end":{"line":146,"column":31}},"locations":[{"start":{"line":144,"column":80},"end":{"line":146,"column":31}}]},"16":{"type":"branch","line":183,"loc":{"start":{"line":183,"column":41},"end":{"line":201,"column":26}},"locations":[{"start":{"line":183,"column":41},"end":{"line":201,"column":26}}]},"17":{"type":"branch","line":217,"loc":{"start":{"line":217,"column":38},"end":{"line":235,"column":26}},"locations":[{"start":{"line":217,"column":38},"end":{"line":235,"column":26}}]}},"b":{"0":[19],"1":[15],"2":[14],"3":[5],"4":[4],"5":[4],"6":[7],"7":[12],"8":[7],"9":[12],"10":[8],"11":[0],"12":[8],"13":[44],"14":[0],"15":[55],"16":[16],"17":[44]},"fnMap":{"0":{"name":"App","decl":{"start":{"line":17,"column":0},"end":{"line":246,"column":15}},"loc":{"start":{"line":17,"column":0},"end":{"line":246,"column":15}},"line":17},"1":{"name":"fetchAll","decl":{"start":{"line":36,"column":4},"end":{"line":43,"column":14}},"loc":{"start":{"line":36,"column":4},"end":{"line":43,"column":14}},"line":36},"2":{"name":"onClick","decl":{"start":{"line":62,"column":25},"end":{"line":64,"column":18}},"loc":{"start":{"line":62,"column":25},"end":{"line":64,"column":18}},"line":62},"3":{"name":"onClick","decl":{"start":{"line":69,"column":29},"end":{"line":71,"column":22}},"loc":{"start":{"line":69,"column":29},"end":{"line":71,"column":22}},"line":69},"4":{"name":"onClick","decl":{"start":{"line":117,"column":53},"end":{"line":120,"column":46}},"loc":{"start":{"line":117,"column":53},"end":{"line":120,"column":46}},"line":117},"5":{"name":"onClick","decl":{"start":{"line":157,"column":53},"end":{"line":160,"column":46}},"loc":{"start":{"line":157,"column":53},"end":{"line":160,"column":46}},"line":157},"6":{"name":"onClick","decl":{"start":{"line":191,"column":53},"end":{"line":194,"column":46}},"loc":{"start":{"line":191,"column":53},"end":{"line":194,"column":46}},"line":191},"7":{"name":"onClick","decl":{"start":{"line":225,"column":53},"end":{"line":228,"column":46}},"loc":{"start":{"line":225,"column":53},"end":{"line":228,"column":46}},"line":225}},"f":{"0":19,"1":4,"2":0,"3":0,"4":0,"5":0,"6":0,"7":0}}
,"/Users/petterkalrsson/CM/Webb och Mobil/K3/k2/src/components/CreateInvoice.tsx": {"path":"/Users/petterkalrsson/CM/Webb och Mobil/K3/k2/src/components/CreateInvoice.tsx","all":false,"statementMap":{"0":{"start":{"line":1,"column":0},"end":{"line":1,"column":44}},"1":{"start":{"line":2,"column":0},"end":{"line":2,"column":59}},"2":{"start":{"line":3,"column":0},"end":{"line":3,"column":60}},"3":{"start":{"line":4,"column":0},"end":{"line":4,"column":26}},"4":{"start":{"line":5,"column":0},"end":{"line":5,"column":32}},"5":{"start":{"line":6,"column":0},"end":{"line":6,"column":46}},"6":{"start":{"line":7,"column":0},"end":{"line":7,"column":0}},"7":{"start":{"line":8,"column":0},"end":{"line":8,"column":26}},"8":{"start":{"line":9,"column":0},"end":{"line":9,"column":70}},"9":{"start":{"line":10,"column":0},"end":{"line":10,"column":33}},"10":{"start":{"line":11,"column":0},"end":{"line":11,"column":29}},"11":{"start":{"line":12,"column":0},"end":{"line":12,"column":0}},"12":{"start":{"line":13,"column":0},"end":{"line":13,"column":65}},"13":{"start":{"line":14,"column":0},"end":{"line":14,"column":62}},"14":{"start":{"line":15,"column":0},"end":{"line":15,"column":65}},"15":{"start":{"line":16,"column":0},"end":{"line":16,"column":79}},"16":{"start":{"line":17,"column":0},"end":{"line":17,"column":53}},"17":{"start":{"line":18,"column":0},"end":{"line":18,"column":59}},"18":{"start":{"line":19,"column":0},"end":{"line":19,"column":0}},"19":{"start":{"line":20,"column":0},"end":{"line":20,"column":72}},"20":{"start":{"line":21,"column":0},"end":{"line":21,"column":52}},"21":{"start":{"line":22,"column":0},"end":{"line":22,"column":22}},"22":{"start":{"line":23,"column":0},"end":{"line":23,"column":67}},"23":{"start":{"line":24,"column":0},"end":{"line":24,"column":74}},"24":{"start":{"line":25,"column":0},"end":{"line":25,"column":9}},"25":{"start":{"line":26,"column":0},"end":{"line":26,"column":5}},"26":{"start":{"line":27,"column":0},"end":{"line":27,"column":0}},"27":{"start":{"line":28,"column":0},"end":{"line":28,"column":72}},"28":{"start":{"line":29,"column":0},"end":{"line":29,"column":52}},"29":{"start":{"line":30,"column":0},"end":{"line":30,"column":22}},"30":{"start":{"line":31,"column":0},"end":{"line":31,"column":77}},"31":{"start":{"line":32,"column":0},"end":{"line":32,"column":61}},"32":{"start":{"line":33,"column":0},"end":{"line":33,"column":39}},"33":{"start":{"line":34,"column":0},"end":{"line":34,"column":30}},"34":{"start":{"line":35,"column":0},"end":{"line":35,"column":15}},"35":{"start":{"line":36,"column":0},"end":{"line":36,"column":9}},"36":{"start":{"line":37,"column":0},"end":{"line":37,"column":5}},"37":{"start":{"line":38,"column":0},"end":{"line":38,"column":0}},"38":{"start":{"line":39,"column":0},"end":{"line":39,"column":54}},"39":{"start":{"line":40,"column":0},"end":{"line":40,"column":84}},"40":{"start":{"line":41,"column":0},"end":{"line":41,"column":39}},"41":{"start":{"line":42,"column":0},"end":{"line":42,"column":5}},"42":{"start":{"line":43,"column":0},"end":{"line":43,"column":0}},"43":{"start":{"line":44,"column":0},"end":{"line":44,"column":71}},"44":{"start":{"line":45,"column":0},"end":{"line":45,"column":42}},"45":{"start":{"line":46,"column":0},"end":{"line":46,"column":42}},"46":{"start":{"line":47,"column":0},"end":{"line":47,"column":43}},"47":{"start":{"line":48,"column":0},"end":{"line":48,"column":22}},"48":{"start":{"line":49,"column":0},"end":{"line":49,"column":5}},"49":{"start":{"line":50,"column":0},"end":{"line":50,"column":0}},"50":{"start":{"line":51,"column":0},"end":{"line":51,"column":45}},"51":{"start":{"line":52,"column":0},"end":{"line":52,"column":72}},"52":{"start":{"line":53,"column":0},"end":{"line":53,"column":21}},"53":{"start":{"line":54,"column":0},"end":{"line":54,"column":5}},"54":{"start":{"line":55,"column":0},"end":{"line":55,"column":0}},"55":{"start":{"line":56,"column":0},"end":{"line":56,"column":34}},"56":{"start":{"line":57,"column":0},"end":{"line":57,"column":55}},"57":{"start":{"line":58,"column":0},"end":{"line":58,"column":41}},"58":{"start":{"line":59,"column":0},"end":{"line":59,"column":51}},"59":{"start":{"line":60,"column":0},"end":{"line":60,"column":49}},"60":{"start":{"line":61,"column":0},"end":{"line":61,"column":47}},"61":{"start":{"line":62,"column":0},"end":{"line":62,"column":96}},"62":{"start":{"line":63,"column":0},"end":{"line":63,"column":98}},"63":{"start":{"line":64,"column":0},"end":{"line":64,"column":90}},"64":{"start":{"line":65,"column":0},"end":{"line":65,"column":79}},"65":{"start":{"line":66,"column":0},"end":{"line":66,"column":16}},"66":{"start":{"line":67,"column":0},"end":{"line":67,"column":31}},"67":{"start":{"line":68,"column":0},"end":{"line":68,"column":9}},"68":{"start":{"line":69,"column":0},"end":{"line":69,"column":5}},"69":{"start":{"line":70,"column":0},"end":{"line":70,"column":31}},"70":{"start":{"line":71,"column":0},"end":{"line":71,"column":23}},"71":{"start":{"line":72,"column":0},"end":{"line":72,"column":29}},"72":{"start":{"line":73,"column":0},"end":{"line":73,"column":22}},"73":{"start":{"line":74,"column":0},"end":{"line":74,"column":23}},"74":{"start":{"line":75,"column":0},"end":{"line":75,"column":24}},"75":{"start":{"line":76,"column":0},"end":{"line":76,"column":19}},"76":{"start":{"line":77,"column":0},"end":{"line":77,"column":22}},"77":{"start":{"line":78,"column":0},"end":{"line":78,"column":27}},"78":{"start":{"line":79,"column":0},"end":{"line":79,"column":60}},"79":{"start":{"line":80,"column":0},"end":{"line":80,"column":13}},"80":{"start":{"line":81,"column":0},"end":{"line":81,"column":66}},"81":{"start":{"line":82,"column":0},"end":{"line":82,"column":31}},"82":{"start":{"line":83,"column":0},"end":{"line":83,"column":30}},"83":{"start":{"line":84,"column":0},"end":{"line":84,"column":31}},"84":{"start":{"line":85,"column":0},"end":{"line":85,"column":32}},"85":{"start":{"line":86,"column":0},"end":{"line":86,"column":44}},"86":{"start":{"line":87,"column":0},"end":{"line":87,"column":38}},"87":{"start":{"line":88,"column":0},"end":{"line":88,"column":15}},"88":{"start":{"line":89,"column":0},"end":{"line":89,"column":48}},"89":{"start":{"line":90,"column":0},"end":{"line":90,"column":34}},"90":{"start":{"line":91,"column":0},"end":{"line":91,"column":28}},"91":{"start":{"line":92,"column":0},"end":{"line":92,"column":32}},"92":{"start":{"line":93,"column":0},"end":{"line":93,"column":27}},"93":{"start":{"line":94,"column":0},"end":{"line":94,"column":29}},"94":{"start":{"line":95,"column":0},"end":{"line":95,"column":25}},"95":{"start":{"line":96,"column":0},"end":{"line":96,"column":44}},"96":{"start":{"line":97,"column":0},"end":{"line":97,"column":35}},"97":{"start":{"line":98,"column":0},"end":{"line":98,"column":20}},"98":{"start":{"line":99,"column":0},"end":{"line":99,"column":35}},"99":{"start":{"line":100,"column":0},"end":{"line":100,"column":13}},"100":{"start":{"line":101,"column":0},"end":{"line":101,"column":9}},"101":{"start":{"line":102,"column":0},"end":{"line":102,"column":5}},"102":{"start":{"line":103,"column":0},"end":{"line":103,"column":12}},"103":{"start":{"line":104,"column":0},"end":{"line":104,"column":36}},"104":{"start":{"line":105,"column":0},"end":{"line":105,"column":47}},"105":{"start":{"line":106,"column":0},"end":{"line":106,"column":18}},"106":{"start":{"line":107,"column":0},"end":{"line":107,"column":23}},"107":{"start":{"line":108,"column":0},"end":{"line":108,"column":47}},"108":{"start":{"line":109,"column":0},"end":{"line":109,"column":38}},"109":{"start":{"line":110,"column":0},"end":{"line":110,"column":38}},"110":{"start":{"line":111,"column":0},"end":{"line":111,"column":22}},"111":{"start":{"line":112,"column":0},"end":{"line":112,"column":17}},"112":{"start":{"line":113,"column":0},"end":{"line":113,"column":62}},"113":{"start":{"line":114,"column":0},"end":{"line":114,"column":47}},"114":{"start":{"line":115,"column":0},"end":{"line":115,"column":32}},"115":{"start":{"line":116,"column":0},"end":{"line":116,"column":35}},"116":{"start":{"line":117,"column":0},"end":{"line":117,"column":66}},"117":{"start":{"line":118,"column":0},"end":{"line":118,"column":50}},"118":{"start":{"line":119,"column":0},"end":{"line":119,"column":61}},"119":{"start":{"line":120,"column":0},"end":{"line":120,"column":29}},"120":{"start":{"line":121,"column":0},"end":{"line":121,"column":46}},"121":{"start":{"line":122,"column":0},"end":{"line":122,"column":37}},"122":{"start":{"line":123,"column":0},"end":{"line":123,"column":26}},"123":{"start":{"line":124,"column":0},"end":{"line":124,"column":23}},"124":{"start":{"line":125,"column":0},"end":{"line":125,"column":30}},"125":{"start":{"line":126,"column":0},"end":{"line":126,"column":17}},"126":{"start":{"line":127,"column":0},"end":{"line":127,"column":38}},"127":{"start":{"line":128,"column":0},"end":{"line":128,"column":68}},"128":{"start":{"line":129,"column":0},"end":{"line":129,"column":79}},"129":{"start":{"line":130,"column":0},"end":{"line":130,"column":22}},"130":{"start":{"line":131,"column":0},"end":{"line":131,"column":23}},"131":{"start":{"line":132,"column":0},"end":{"line":132,"column":44}},"132":{"start":{"line":133,"column":0},"end":{"line":133,"column":38}},"133":{"start":{"line":134,"column":0},"end":{"line":134,"column":38}},"134":{"start":{"line":135,"column":0},"end":{"line":135,"column":22}},"135":{"start":{"line":136,"column":0},"end":{"line":136,"column":17}},"136":{"start":{"line":137,"column":0},"end":{"line":137,"column":67}},"137":{"start":{"line":138,"column":0},"end":{"line":138,"column":60}},"138":{"start":{"line":139,"column":0},"end":{"line":139,"column":44}},"139":{"start":{"line":140,"column":0},"end":{"line":140,"column":32}},"140":{"start":{"line":141,"column":0},"end":{"line":141,"column":35}},"141":{"start":{"line":142,"column":0},"end":{"line":142,"column":63}},"142":{"start":{"line":143,"column":0},"end":{"line":143,"column":50}},"143":{"start":{"line":144,"column":0},"end":{"line":144,"column":61}},"144":{"start":{"line":145,"column":0},"end":{"line":145,"column":29}},"145":{"start":{"line":146,"column":0},"end":{"line":146,"column":47}},"146":{"start":{"line":147,"column":0},"end":{"line":147,"column":37}},"147":{"start":{"line":148,"column":0},"end":{"line":148,"column":26}},"148":{"start":{"line":149,"column":0},"end":{"line":149,"column":23}},"149":{"start":{"line":150,"column":0},"end":{"line":150,"column":30}},"150":{"start":{"line":151,"column":0},"end":{"line":151,"column":17}},"151":{"start":{"line":152,"column":0},"end":{"line":152,"column":19}},"152":{"start":{"line":153,"column":0},"end":{"line":153,"column":34}},"153":{"start":{"line":154,"column":0},"end":{"line":154,"column":23}},"154":{"start":{"line":155,"column":0},"end":{"line":155,"column":27}},"155":{"start":{"line":156,"column":0},"end":{"line":156,"column":28}},"156":{"start":{"line":157,"column":0},"end":{"line":157,"column":63}},"157":{"start":{"line":158,"column":0},"end":{"line":158,"column":62}},"158":{"start":{"line":159,"column":0},"end":{"line":159,"column":64}},"159":{"start":{"line":160,"column":0},"end":{"line":160,"column":29}},"160":{"start":{"line":161,"column":0},"end":{"line":161,"column":28}},"161":{"start":{"line":162,"column":0},"end":{"line":162,"column":27}},"162":{"start":{"line":163,"column":0},"end":{"line":163,"column":71}},"163":{"start":{"line":164,"column":0},"end":{"line":164,"column":42}},"164":{"start":{"line":165,"column":0},"end":{"line":165,"column":71}},"165":{"start":{"line":166,"column":0},"end":{"line":166,"column":69}},"166":{"start":{"line":167,"column":0},"end":{"line":167,"column":91}},"167":{"start":{"line":168,"column":0},"end":{"line":168,"column":36}},"168":{"start":{"line":169,"column":0},"end":{"line":169,"column":44}},"169":{"start":{"line":170,"column":0},"end":{"line":170,"column":77}},"170":{"start":{"line":171,"column":0},"end":{"line":171,"column":60}},"171":{"start":{"line":172,"column":0},"end":{"line":172,"column":51}},"172":{"start":{"line":173,"column":0},"end":{"line":173,"column":99}},"173":{"start":{"line":174,"column":0},"end":{"line":174,"column":47}},"174":{"start":{"line":175,"column":0},"end":{"line":175,"column":47}},"175":{"start":{"line":176,"column":0},"end":{"line":176,"column":70}},"176":{"start":{"line":177,"column":0},"end":{"line":177,"column":98}},"177":{"start":{"line":178,"column":0},"end":{"line":178,"column":47}},"178":{"start":{"line":179,"column":0},"end":{"line":179,"column":46}},"179":{"start":{"line":180,"column":0},"end":{"line":180,"column":53}},"180":{"start":{"line":181,"column":0},"end":{"line":181,"column":45}},"181":{"start":{"line":182,"column":0},"end":{"line":182,"column":66}},"182":{"start":{"line":183,"column":0},"end":{"line":183,"column":60}},"183":{"start":{"line":184,"column":0},"end":{"line":184,"column":78}},"184":{"start":{"line":185,"column":0},"end":{"line":185,"column":94}},"185":{"start":{"line":186,"column":0},"end":{"line":186,"column":77}},"186":{"start":{"line":187,"column":0},"end":{"line":187,"column":58}},"187":{"start":{"line":188,"column":0},"end":{"line":188,"column":99}},"188":{"start":{"line":189,"column":0},"end":{"line":189,"column":64}},"189":{"start":{"line":190,"column":0},"end":{"line":190,"column":63}},"190":{"start":{"line":191,"column":0},"end":{"line":191,"column":54}},"191":{"start":{"line":192,"column":0},"end":{"line":192,"column":69}},"192":{"start":{"line":193,"column":0},"end":{"line":193,"column":51}},"193":{"start":{"line":194,"column":0},"end":{"line":194,"column":46}},"194":{"start":{"line":195,"column":0},"end":{"line":195,"column":41}},"195":{"start":{"line":196,"column":0},"end":{"line":196,"column":46}},"196":{"start":{"line":197,"column":0},"end":{"line":197,"column":47}},"197":{"start":{"line":198,"column":0},"end":{"line":198,"column":45}},"198":{"start":{"line":199,"column":0},"end":{"line":199,"column":66}},"199":{"start":{"line":200,"column":0},"end":{"line":200,"column":60}},"200":{"start":{"line":201,"column":0},"end":{"line":201,"column":78}},"201":{"start":{"line":202,"column":0},"end":{"line":202,"column":94}},"202":{"start":{"line":203,"column":0},"end":{"line":203,"column":77}},"203":{"start":{"line":204,"column":0},"end":{"line":204,"column":58}},"204":{"start":{"line":205,"column":0},"end":{"line":205,"column":99}},"205":{"start":{"line":206,"column":0},"end":{"line":206,"column":64}},"206":{"start":{"line":207,"column":0},"end":{"line":207,"column":63}},"207":{"start":{"line":208,"column":0},"end":{"line":208,"column":54}},"208":{"start":{"line":209,"column":0},"end":{"line":209,"column":69}},"209":{"start":{"line":210,"column":0},"end":{"line":210,"column":51}},"210":{"start":{"line":211,"column":0},"end":{"line":211,"column":46}},"211":{"start":{"line":212,"column":0},"end":{"line":212,"column":41}},"212":{"start":{"line":213,"column":0},"end":{"line":213,"column":46}},"213":{"start":{"line":214,"column":0},"end":{"line":214,"column":47}},"214":{"start":{"line":215,"column":0},"end":{"line":215,"column":45}},"215":{"start":{"line":216,"column":0},"end":{"line":216,"column":66}},"216":{"start":{"line":217,"column":0},"end":{"line":217,"column":60}},"217":{"start":{"line":218,"column":0},"end":{"line":218,"column":78}},"218":{"start":{"line":219,"column":0},"end":{"line":219,"column":94}},"219":{"start":{"line":220,"column":0},"end":{"line":220,"column":77}},"220":{"start":{"line":221,"column":0},"end":{"line":221,"column":59}},"221":{"start":{"line":222,"column":0},"end":{"line":222,"column":99}},"222":{"start":{"line":223,"column":0},"end":{"line":223,"column":64}},"223":{"start":{"line":224,"column":0},"end":{"line":224,"column":63}},"224":{"start":{"line":225,"column":0},"end":{"line":225,"column":54}},"225":{"start":{"line":226,"column":0},"end":{"line":226,"column":69}},"226":{"start":{"line":227,"column":0},"end":{"line":227,"column":51}},"227":{"start":{"line":228,"column":0},"end":{"line":228,"column":46}},"228":{"start":{"line":229,"column":0},"end":{"line":229,"column":41}},"229":{"start":{"line":230,"column":0},"end":{"line":230,"column":46}},"230":{"start":{"line":231,"column":0},"end":{"line":231,"column":47}},"231":{"start":{"line":232,"column":0},"end":{"line":232,"column":70}},"232":{"start":{"line":233,"column":0},"end":{"line":233,"column":45}},"233":{"start":{"line":234,"column":0},"end":{"line":234,"column":66}},"234":{"start":{"line":235,"column":0},"end":{"line":235,"column":60}},"235":{"start":{"line":236,"column":0},"end":{"line":236,"column":78}},"236":{"start":{"line":237,"column":0},"end":{"line":237,"column":94}},"237":{"start":{"line":238,"column":0},"end":{"line":238,"column":77}},"238":{"start":{"line":239,"column":0},"end":{"line":239,"column":59}},"239":{"start":{"line":240,"column":0},"end":{"line":240,"column":99}},"240":{"start":{"line":241,"column":0},"end":{"line":241,"column":64}},"241":{"start":{"line":242,"column":0},"end":{"line":242,"column":63}},"242":{"start":{"line":243,"column":0},"end":{"line":243,"column":54}},"243":{"start":{"line":244,"column":0},"end":{"line":244,"column":69}},"244":{"start":{"line":245,"column":0},"end":{"line":245,"column":51}},"245":{"start":{"line":246,"column":0},"end":{"line":246,"column":46}},"246":{"start":{"line":247,"column":0},"end":{"line":247,"column":41}},"247":{"start":{"line":248,"column":0},"end":{"line":248,"column":50}},"248":{"start":{"line":249,"column":0},"end":{"line":249,"column":47}},"249":{"start":{"line":250,"column":0},"end":{"line":250,"column":41}},"250":{"start":{"line":251,"column":0},"end":{"line":251,"column":40}},"251":{"start":{"line":252,"column":0},"end":{"line":252,"column":95}},"252":{"start":{"line":253,"column":0},"end":{"line":253,"column":45}},"253":{"start":{"line":254,"column":0},"end":{"line":254,"column":49}},"254":{"start":{"line":255,"column":0},"end":{"line":255,"column":41}},"255":{"start":{"line":256,"column":0},"end":{"line":256,"column":37}},"256":{"start":{"line":257,"column":0},"end":{"line":257,"column":30}},"257":{"start":{"line":258,"column":0},"end":{"line":258,"column":27}},"258":{"start":{"line":259,"column":0},"end":{"line":259,"column":28}},"259":{"start":{"line":260,"column":0},"end":{"line":260,"column":24}},"260":{"start":{"line":261,"column":0},"end":{"line":261,"column":47}},"261":{"start":{"line":262,"column":0},"end":{"line":262,"column":40}},"262":{"start":{"line":263,"column":0},"end":{"line":263,"column":25}},"263":{"start":{"line":264,"column":0},"end":{"line":264,"column":30}},"264":{"start":{"line":265,"column":0},"end":{"line":265,"column":53}},"265":{"start":{"line":266,"column":0},"end":{"line":266,"column":36}},"266":{"start":{"line":267,"column":0},"end":{"line":267,"column":51}},"267":{"start":{"line":268,"column":0},"end":{"line":268,"column":39}},"268":{"start":{"line":269,"column":0},"end":{"line":269,"column":45}},"269":{"start":{"line":270,"column":0},"end":{"line":270,"column":46}},"270":{"start":{"line":271,"column":0},"end":{"line":271,"column":61}},"271":{"start":{"line":272,"column":0},"end":{"line":272,"column":30}},"272":{"start":{"line":273,"column":0},"end":{"line":273,"column":26}},"273":{"start":{"line":274,"column":0},"end":{"line":274,"column":25}},"274":{"start":{"line":275,"column":0},"end":{"line":275,"column":26}},"275":{"start":{"line":276,"column":0},"end":{"line":276,"column":37}},"276":{"start":{"line":277,"column":0},"end":{"line":277,"column":25}},"277":{"start":{"line":278,"column":0},"end":{"line":278,"column":30}},"278":{"start":{"line":279,"column":0},"end":{"line":279,"column":43}},"279":{"start":{"line":280,"column":0},"end":{"line":280,"column":46}},"280":{"start":{"line":281,"column":0},"end":{"line":281,"column":82}},"281":{"start":{"line":282,"column":0},"end":{"line":282,"column":30}},"282":{"start":{"line":283,"column":0},"end":{"line":283,"column":42}},"283":{"start":{"line":284,"column":0},"end":{"line":284,"column":26}},"284":{"start":{"line":285,"column":0},"end":{"line":285,"column":26}},"285":{"start":{"line":286,"column":0},"end":{"line":286,"column":41}},"286":{"start":{"line":287,"column":0},"end":{"line":287,"column":62}},"287":{"start":{"line":288,"column":0},"end":{"line":288,"column":42}},"288":{"start":{"line":289,"column":0},"end":{"line":289,"column":25}},"289":{"start":{"line":290,"column":0},"end":{"line":290,"column":103}},"290":{"start":{"line":291,"column":0},"end":{"line":291,"column":26}},"291":{"start":{"line":292,"column":0},"end":{"line":292,"column":26}},"292":{"start":{"line":293,"column":0},"end":{"line":293,"column":22}},"293":{"start":{"line":294,"column":0},"end":{"line":294,"column":18}},"294":{"start":{"line":295,"column":0},"end":{"line":295,"column":77}},"295":{"start":{"line":296,"column":0},"end":{"line":296,"column":20}},"296":{"start":{"line":297,"column":0},"end":{"line":297,"column":21}},"297":{"start":{"line":298,"column":0},"end":{"line":298,"column":14}},"298":{"start":{"line":299,"column":0},"end":{"line":299,"column":6}},"299":{"start":{"line":300,"column":0},"end":{"line":300,"column":1}},"300":{"start":{"line":301,"column":0},"end":{"line":301,"column":0}},"301":{"start":{"line":302,"column":0},"end":{"line":302,"column":29}}},"s":{"0":1,"1":1,"2":1,"3":1,"4":1,"5":1,"6":1,"7":34,"8":34,"9":34,"10":34,"11":34,"12":34,"13":34,"14":34,"15":34,"16":34,"17":34,"18":34,"19":34,"20":1,"21":1,"22":1,"23":1,"24":1,"25":1,"26":1,"27":34,"28":1,"29":1,"30":1,"31":1,"32":1,"33":1,"34":1,"35":1,"36":1,"37":1,"38":34,"39":0,"40":0,"41":0,"42":0,"43":34,"44":0,"45":0,"46":0,"47":0,"48":0,"49":0,"50":34,"51":70,"52":70,"53":70,"54":70,"55":34,"56":1,"57":1,"58":1,"59":1,"60":1,"61":1,"62":1,"63":1,"64":1,"65":1,"66":0,"67":0,"68":1,"69":34,"70":1,"71":1,"72":1,"73":1,"74":1,"75":1,"76":1,"77":1,"78":1,"79":1,"80":1,"81":1,"82":1,"83":1,"84":1,"85":1,"86":1,"87":1,"88":1,"89":1,"90":1,"91":1,"92":1,"93":1,"94":1,"95":0,"96":0,"97":0,"98":0,"99":0,"100":0,"101":1,"102":1,"103":34,"104":34,"105":34,"106":34,"107":34,"108":34,"109":1,"110":1,"111":34,"112":34,"113":34,"114":78,"115":78,"116":78,"117":78,"118":78,"119":78,"120":78,"121":78,"122":78,"123":34,"124":34,"125":34,"126":34,"127":34,"128":34,"129":34,"130":34,"131":34,"132":34,"133":1,"134":1,"135":34,"136":34,"137":34,"138":34,"139":104,"140":104,"141":104,"142":104,"143":104,"144":104,"145":104,"146":104,"147":104,"148":34,"149":34,"150":34,"151":34,"152":34,"153":34,"154":34,"155":34,"156":34,"157":34,"158":34,"159":34,"160":34,"161":34,"162":34,"163":17,"164":0,"165":17,"166":17,"167":17,"168":17,"169":17,"170":17,"171":17,"172":17,"173":17,"174":17,"175":17,"176":17,"177":17,"178":17,"179":17,"180":17,"181":17,"182":17,"183":0,"184":0,"185":0,"186":0,"187":0,"188":0,"189":0,"190":0,"191":0,"192":0,"193":0,"194":17,"195":17,"196":17,"197":17,"198":17,"199":17,"200":0,"201":0,"202":0,"203":0,"204":0,"205":0,"206":0,"207":0,"208":0,"209":0,"210":0,"211":17,"212":17,"213":17,"214":17,"215":17,"216":17,"217":0,"218":0,"219":0,"220":0,"221":0,"222":0,"223":0,"224":0,"225":0,"226":0,"227":0,"228":17,"229":17,"230":17,"231":17,"232":17,"233":17,"234":17,"235":0,"236":0,"237":0,"238":0,"239":0,"240":0,"241":0,"242":0,"243":0,"244":0,"245":0,"246":17,"247":17,"248":17,"249":17,"250":17,"251":17,"252":17,"253":17,"254":17,"255":17,"256":17,"257":34,"258":34,"259":34,"260":34,"261":34,"262":34,"263":34,"264":34,"265":34,"266":34,"267":34,"268":34,"269":34,"270":13,"271":13,"272":34,"273":34,"274":34,"275":34,"276":34,"277":34,"278":34,"279":34,"280":0,"281":0,"282":34,"283":34,"284":34,"285":34,"286":34,"287":34,"288":34,"289":34,"290":34,"291":34,"292":34,"293":34,"294":34,"295":34,"296":34,"297":34,"298":34,"299":34,"300":34,"301":1},"branchMap":{"0":{"type":"branch","line":8,"loc":{"start":{"line":8,"column":0},"end":{"line":302,"column":15}},"locations":[{"start":{"line":8,"column":0},"end":{"line":302,"column":15}}]},"1":{"type":"branch","line":128,"loc":{"start":{"line":128,"column":26},"end":{"line":128,"column":59}},"locations":[{"start":{"line":128,"column":26},"end":{"line":128,"column":59}}]},"2":{"type":"branch","line":128,"loc":{"start":{"line":128,"column":52},"end":{"line":128,"column":61}},"locations":[{"start":{"line":128,"column":52},"end":{"line":128,"column":61}}]},"3":{"type":"branch","line":129,"loc":{"start":{"line":129,"column":26},"end":{"line":129,"column":70}},"locations":[{"start":{"line":129,"column":26},"end":{"line":129,"column":70}}]},"4":{"type":"branch","line":129,"loc":{"start":{"line":129,"column":60},"end":{"line":129,"column":72}},"locations":[{"start":{"line":129,"column":60},"end":{"line":129,"column":72}}]},"5":{"type":"branch","line":157,"loc":{"start":{"line":157,"column":29},"end":{"line":157,"column":60}},"locations":[{"start":{"line":157,"column":29},"end":{"line":157,"column":60}}]},"6":{"type":"branch","line":157,"loc":{"start":{"line":157,"column":43},"end":{"line":157,"column":63}},"locations":[{"start":{"line":157,"column":43},"end":{"line":157,"column":63}}]},"7":{"type":"branch","line":158,"loc":{"start":{"line":158,"column":29},"end":{"line":158,"column":59}},"locations":[{"start":{"line":158,"column":29},"end":{"line":158,"column":59}}]},"8":{"type":"branch","line":158,"loc":{"start":{"line":158,"column":43},"end":{"line":158,"column":62}},"locations":[{"start":{"line":158,"column":43},"end":{"line":158,"column":62}}]},"9":{"type":"branch","line":159,"loc":{"start":{"line":159,"column":29},"end":{"line":159,"column":61}},"locations":[{"start":{"line":159,"column":29},"end":{"line":159,"column":61}}]},"10":{"type":"branch","line":159,"loc":{"start":{"line":159,"column":43},"end":{"line":159,"column":64}},"locations":[{"start":{"line":159,"column":43},"end":{"line":159,"column":64}}]},"11":{"type":"branch","line":290,"loc":{"start":{"line":290,"column":25},"end":{"line":290,"column":96}},"locations":[{"start":{"line":290,"column":25},"end":{"line":290,"column":96}}]},"12":{"type":"branch","line":290,"loc":{"start":{"line":290,"column":92},"end":{"line":290,"column":99}},"locations":[{"start":{"line":290,"column":92},"end":{"line":290,"column":99}}]},"13":{"type":"branch","line":20,"loc":{"start":{"line":20,"column":4},"end":{"line":28,"column":13}},"locations":[{"start":{"line":20,"column":4},"end":{"line":28,"column":13}}]},"14":{"type":"branch","line":23,"loc":{"start":{"line":23,"column":41},"end":{"line":23,"column":65}},"locations":[{"start":{"line":23,"column":41},"end":{"line":23,"column":65}}]},"15":{"type":"branch","line":24,"loc":{"start":{"line":24,"column":41},"end":{"line":24,"column":72}},"locations":[{"start":{"line":24,"column":41},"end":{"line":24,"column":72}}]},"16":{"type":"branch","line":28,"loc":{"start":{"line":28,"column":4},"end":{"line":39,"column":13}},"locations":[{"start":{"line":28,"column":4},"end":{"line":39,"column":13}}]},"17":{"type":"branch","line":31,"loc":{"start":{"line":31,"column":52},"end":{"line":31,"column":77}},"locations":[{"start":{"line":31,"column":52},"end":{"line":31,"column":77}}]},"18":{"type":"branch","line":32,"loc":{"start":{"line":32,"column":36},"end":{"line":35,"column":15}},"locations":[{"start":{"line":32,"column":36},"end":{"line":35,"column":15}}]},"19":{"type":"branch","line":51,"loc":{"start":{"line":51,"column":4},"end":{"line":56,"column":13}},"locations":[{"start":{"line":51,"column":4},"end":{"line":56,"column":13}}]},"20":{"type":"branch","line":56,"loc":{"start":{"line":56,"column":4},"end":{"line":70,"column":19}},"locations":[{"start":{"line":56,"column":4},"end":{"line":70,"column":19}}]},"21":{"type":"branch","line":66,"loc":{"start":{"line":66,"column":8},"end":{"line":68,"column":9}},"locations":[{"start":{"line":66,"column":8},"end":{"line":68,"column":9}}]},"22":{"type":"branch","line":70,"loc":{"start":{"line":70,"column":4},"end":{"line":103,"column":12}},"locations":[{"start":{"line":70,"column":4},"end":{"line":103,"column":12}}]},"23":{"type":"branch","line":79,"loc":{"start":{"line":79,"column":8},"end":{"line":79,"column":38}},"locations":[{"start":{"line":79,"column":8},"end":{"line":79,"column":38}}]},"24":{"type":"branch","line":95,"loc":{"start":{"line":95,"column":8},"end":{"line":101,"column":9}},"locations":[{"start":{"line":95,"column":8},"end":{"line":101,"column":9}}]},"25":{"type":"branch","line":109,"loc":{"start":{"line":109,"column":31},"end":{"line":111,"column":22}},"locations":[{"start":{"line":109,"column":31},"end":{"line":111,"column":22}}]},"26":{"type":"branch","line":114,"loc":{"start":{"line":114,"column":34},"end":{"line":124,"column":22}},"locations":[{"start":{"line":114,"column":34},"end":{"line":124,"column":22}}]},"27":{"type":"branch","line":133,"loc":{"start":{"line":133,"column":31},"end":{"line":135,"column":22}},"locations":[{"start":{"line":133,"column":31},"end":{"line":135,"column":22}}]},"28":{"type":"branch","line":139,"loc":{"start":{"line":139,"column":31},"end":{"line":149,"column":22}},"locations":[{"start":{"line":139,"column":31},"end":{"line":149,"column":22}}]},"29":{"type":"branch","line":163,"loc":{"start":{"line":163,"column":50},"end":{"line":258,"column":26}},"locations":[{"start":{"line":163,"column":50},"end":{"line":258,"column":26}}]},"30":{"type":"branch","line":164,"loc":{"start":{"line":164,"column":40},"end":{"line":165,"column":71}},"locations":[{"start":{"line":164,"column":40},"end":{"line":165,"column":71}}]},"31":{"type":"branch","line":173,"loc":{"start":{"line":173,"column":56},"end":{"line":173,"column":83}},"locations":[{"start":{"line":173,"column":56},"end":{"line":173,"column":83}}]},"32":{"type":"branch","line":177,"loc":{"start":{"line":177,"column":58},"end":{"line":177,"column":80}},"locations":[{"start":{"line":177,"column":58},"end":{"line":177,"column":80}}]},"33":{"type":"branch","line":270,"loc":{"start":{"line":270,"column":39},"end":{"line":272,"column":30}},"locations":[{"start":{"line":270,"column":39},"end":{"line":272,"column":30}}]},"34":{"type":"branch","line":295,"loc":{"start":{"line":295,"column":56},"end":{"line":295,"column":76}},"locations":[{"start":{"line":295,"column":56},"end":{"line":295,"column":76}}]}},"b":{"0":[34],"1":[18],"2":[16],"3":[18],"4":[16],"5":[18],"6":[16],"7":[18],"8":[16],"9":[18],"10":[16],"11":[18],"12":[16],"13":[1],"14":[2],"15":[4],"16":[1],"17":[4],"18":[1],"19":[70],"20":[1],"21":[0],"22":[1],"23":[0],"24":[0],"25":[1],"26":[78],"27":[1],"28":[104],"29":[17],"30":[0],"31":[0],"32":[0],"33":[13],"34":[1]},"fnMap":{"0":{"name":"CreateInvoice","decl":{"start":{"line":8,"column":0},"end":{"line":302,"column":15}},"loc":{"start":{"line":8,"column":0},"end":{"line":302,"column":15}},"line":8},"1":{"name":"selectProj","decl":{"start":{"line":20,"column":4},"end":{"line":28,"column":13}},"loc":{"start":{"line":20,"column":4},"end":{"line":28,"column":13}},"line":20},"2":{"name":"selectTask","decl":{"start":{"line":28,"column":4},"end":{"line":39,"column":13}},"loc":{"start":{"line":28,"column":4},"end":{"line":39,"column":13}},"line":28},"3":{"name":"deleteTaskFromInvoice","decl":{"start":{"line":39,"column":4},"end":{"line":44,"column":13}},"loc":{"start":{"line":39,"column":4},"end":{"line":44,"column":13}},"line":39},"4":{"name":"roundTime","decl":{"start":{"line":44,"column":4},"end":{"line":51,"column":13}},"loc":{"start":{"line":44,"column":4},"end":{"line":51,"column":13}},"line":44},"5":{"name":"makeHours","decl":{"start":{"line":51,"column":4},"end":{"line":56,"column":13}},"loc":{"start":{"line":51,"column":4},"end":{"line":56,"column":13}},"line":51},"6":{"name":"saveInvoice","decl":{"start":{"line":56,"column":4},"end":{"line":70,"column":19}},"loc":{"start":{"line":56,"column":4},"end":{"line":70,"column":19}},"line":56},"7":{"name":"postInvoice","decl":{"start":{"line":70,"column":4},"end":{"line":103,"column":12}},"loc":{"start":{"line":70,"column":4},"end":{"line":103,"column":12}},"line":70},"8":{"name":"onChange","decl":{"start":{"line":109,"column":31},"end":{"line":111,"column":22}},"loc":{"start":{"line":109,"column":31},"end":{"line":111,"column":22}},"line":109},"9":{"name":"onChange","decl":{"start":{"line":133,"column":31},"end":{"line":135,"column":22}},"loc":{"start":{"line":133,"column":31},"end":{"line":135,"column":22}},"line":133},"10":{"name":"onClick","decl":{"start":{"line":183,"column":53},"end":{"line":194,"column":46}},"loc":{"start":{"line":183,"column":53},"end":{"line":194,"column":46}},"line":183},"11":{"name":"onClick","decl":{"start":{"line":200,"column":53},"end":{"line":211,"column":46}},"loc":{"start":{"line":200,"column":53},"end":{"line":211,"column":46}},"line":200},"12":{"name":"onClick","decl":{"start":{"line":217,"column":53},"end":{"line":228,"column":46}},"loc":{"start":{"line":217,"column":53},"end":{"line":228,"column":46}},"line":217},"13":{"name":"onClick","decl":{"start":{"line":235,"column":53},"end":{"line":246,"column":46}},"loc":{"start":{"line":235,"column":53},"end":{"line":246,"column":46}},"line":235},"14":{"name":"onClick","decl":{"start":{"line":252,"column":57},"end":{"line":252,"column":94}},"loc":{"start":{"line":252,"column":57},"end":{"line":252,"column":94}},"line":252},"15":{"name":"onChange","decl":{"start":{"line":270,"column":39},"end":{"line":272,"column":30}},"loc":{"start":{"line":270,"column":39},"end":{"line":272,"column":30}},"line":270},"16":{"name":"onChange","decl":{"start":{"line":280,"column":39},"end":{"line":282,"column":30}},"loc":{"start":{"line":280,"column":39},"end":{"line":282,"column":30}},"line":280},"17":{"name":"onClick","decl":{"start":{"line":295,"column":56},"end":{"line":295,"column":76}},"loc":{"start":{"line":295,"column":56},"end":{"line":295,"column":76}},"line":295}},"f":{"0":34,"1":1,"2":1,"3":0,"4":0,"5":70,"6":1,"7":1,"8":1,"9":1,"10":0,"11":0,"12":0,"13":0,"14":0,"15":13,"16":0,"17":1}}
,"/Users/petterkalrsson/CM/Webb och Mobil/K3/k2/src/components/Header1.tsx": {"path":"/Users/petterkalrsson/CM/Webb och Mobil/K3/k2/src/components/Header1.tsx","all":false,"statementMap":{"0":{"start":{"line":1,"column":0},"end":{"line":1,"column":26}},"1":{"start":{"line":2,"column":0},"end":{"line":2,"column":0}},"2":{"start":{"line":3,"column":0},"end":{"line":3,"column":14}},"3":{"start":{"line":4,"column":0},"end":{"line":4,"column":17}},"4":{"start":{"line":5,"column":0},"end":{"line":5,"column":2}},"5":{"start":{"line":6,"column":0},"end":{"line":6,"column":0}},"6":{"start":{"line":7,"column":0},"end":{"line":7,"column":32}},"7":{"start":{"line":8,"column":0},"end":{"line":8,"column":33}},"8":{"start":{"line":9,"column":0},"end":{"line":9,"column":1}},"9":{"start":{"line":10,"column":0},"end":{"line":10,"column":0}},"10":{"start":{"line":11,"column":0},"end":{"line":11,"column":23}}},"s":{"0":1,"1":1,"2":1,"3":1,"4":1,"5":1,"6":15,"7":15,"8":15,"9":15,"10":1},"branchMap":{"0":{"type":"branch","line":7,"loc":{"start":{"line":7,"column":0},"end":{"line":11,"column":15}},"locations":[{"start":{"line":7,"column":0},"end":{"line":11,"column":15}}]}},"b":{"0":[15]},"fnMap":{"0":{"name":"Header1","decl":{"start":{"line":7,"column":0},"end":{"line":11,"column":15}},"loc":{"start":{"line":7,"column":0},"end":{"line":11,"column":15}},"line":7}},"f":{"0":15}}
,"/Users/petterkalrsson/CM/Webb och Mobil/K3/k2/src/components/Header2.tsx": {"path":"/Users/petterkalrsson/CM/Webb och Mobil/K3/k2/src/components/Header2.tsx","all":false,"statementMap":{"0":{"start":{"line":1,"column":0},"end":{"line":1,"column":26}},"1":{"start":{"line":2,"column":0},"end":{"line":2,"column":0}},"2":{"start":{"line":3,"column":0},"end":{"line":3,"column":14}},"3":{"start":{"line":4,"column":0},"end":{"line":4,"column":17}},"4":{"start":{"line":5,"column":0},"end":{"line":5,"column":2}},"5":{"start":{"line":6,"column":0},"end":{"line":6,"column":0}},"6":{"start":{"line":7,"column":0},"end":{"line":7,"column":32}},"7":{"start":{"line":8,"column":0},"end":{"line":8,"column":33}},"8":{"start":{"line":9,"column":0},"end":{"line":9,"column":1}},"9":{"start":{"line":10,"column":0},"end":{"line":10,"column":0}},"10":{"start":{"line":11,"column":0},"end":{"line":11,"column":23}}},"s":{"0":1,"1":1,"2":1,"3":1,"4":1,"5":1,"6":152,"7":152,"8":152,"9":152,"10":1},"branchMap":{"0":{"type":"branch","line":7,"loc":{"start":{"line":7,"column":0},"end":{"line":11,"column":15}},"locations":[{"start":{"line":7,"column":0},"end":{"line":11,"column":15}}]}},"b":{"0":[152]},"fnMap":{"0":{"name":"Header2","decl":{"start":{"line":7,"column":0},"end":{"line":11,"column":15}},"loc":{"start":{"line":7,"column":0},"end":{"line":11,"column":15}},"line":7}},"f":{"0":152}}
,"/Users/petterkalrsson/CM/Webb och Mobil/K3/k2/src/components/Invoices.tsx": {"path":"/Users/petterkalrsson/CM/Webb och Mobil/K3/k2/src/components/Invoices.tsx","all":false,"statementMap":{"0":{"start":{"line":1,"column":0},"end":{"line":1,"column":44}},"1":{"start":{"line":2,"column":0},"end":{"line":2,"column":60}},"2":{"start":{"line":3,"column":0},"end":{"line":3,"column":59}},"3":{"start":{"line":4,"column":0},"end":{"line":4,"column":32}},"4":{"start":{"line":5,"column":0},"end":{"line":5,"column":46}},"5":{"start":{"line":6,"column":0},"end":{"line":6,"column":29}},"6":{"start":{"line":7,"column":0},"end":{"line":7,"column":43}},"7":{"start":{"line":8,"column":0},"end":{"line":8,"column":0}},"8":{"start":{"line":9,"column":0},"end":{"line":9,"column":21}},"9":{"start":{"line":10,"column":0},"end":{"line":10,"column":69}},"10":{"start":{"line":11,"column":0},"end":{"line":11,"column":74}},"11":{"start":{"line":12,"column":0},"end":{"line":12,"column":80}},"12":{"start":{"line":13,"column":0},"end":{"line":13,"column":33}},"13":{"start":{"line":14,"column":0},"end":{"line":14,"column":54}},"14":{"start":{"line":15,"column":0},"end":{"line":15,"column":31}},"15":{"start":{"line":16,"column":0},"end":{"line":16,"column":30}},"16":{"start":{"line":17,"column":0},"end":{"line":17,"column":30}},"17":{"start":{"line":18,"column":0},"end":{"line":18,"column":66}},"18":{"start":{"line":19,"column":0},"end":{"line":19,"column":34}},"19":{"start":{"line":20,"column":0},"end":{"line":20,"column":28}},"20":{"start":{"line":21,"column":0},"end":{"line":21,"column":32}},"21":{"start":{"line":22,"column":0},"end":{"line":22,"column":56}},"22":{"start":{"line":23,"column":0},"end":{"line":23,"column":29}},"23":{"start":{"line":24,"column":0},"end":{"line":24,"column":32}},"24":{"start":{"line":25,"column":0},"end":{"line":25,"column":44}},"25":{"start":{"line":26,"column":0},"end":{"line":26,"column":28}},"26":{"start":{"line":27,"column":0},"end":{"line":27,"column":40}},"27":{"start":{"line":28,"column":0},"end":{"line":28,"column":9}},"28":{"start":{"line":29,"column":0},"end":{"line":29,"column":22}},"29":{"start":{"line":30,"column":0},"end":{"line":30,"column":5}},"30":{"start":{"line":31,"column":0},"end":{"line":31,"column":69}},"31":{"start":{"line":32,"column":0},"end":{"line":32,"column":58}},"32":{"start":{"line":33,"column":0},"end":{"line":33,"column":59}},"33":{"start":{"line":34,"column":0},"end":{"line":34,"column":0}},"34":{"start":{"line":35,"column":0},"end":{"line":35,"column":32}},"35":{"start":{"line":36,"column":0},"end":{"line":36,"column":57}},"36":{"start":{"line":37,"column":0},"end":{"line":37,"column":57}},"37":{"start":{"line":38,"column":0},"end":{"line":38,"column":57}},"38":{"start":{"line":39,"column":0},"end":{"line":39,"column":57}},"39":{"start":{"line":40,"column":0},"end":{"line":40,"column":57}},"40":{"start":{"line":41,"column":0},"end":{"line":41,"column":57}},"41":{"start":{"line":42,"column":0},"end":{"line":42,"column":30}},"42":{"start":{"line":43,"column":0},"end":{"line":43,"column":38}},"43":{"start":{"line":44,"column":0},"end":{"line":44,"column":44}},"44":{"start":{"line":45,"column":0},"end":{"line":45,"column":13}},"45":{"start":{"line":46,"column":0},"end":{"line":46,"column":57}},"46":{"start":{"line":47,"column":0},"end":{"line":47,"column":57}},"47":{"start":{"line":48,"column":0},"end":{"line":48,"column":58}},"48":{"start":{"line":49,"column":0},"end":{"line":49,"column":59}},"49":{"start":{"line":50,"column":0},"end":{"line":50,"column":59}},"50":{"start":{"line":51,"column":0},"end":{"line":51,"column":9}},"51":{"start":{"line":52,"column":0},"end":{"line":52,"column":41}},"52":{"start":{"line":53,"column":0},"end":{"line":53,"column":30}},"53":{"start":{"line":54,"column":0},"end":{"line":54,"column":5}},"54":{"start":{"line":55,"column":0},"end":{"line":55,"column":0}},"55":{"start":{"line":56,"column":0},"end":{"line":56,"column":21}},"56":{"start":{"line":57,"column":0},"end":{"line":57,"column":37}},"57":{"start":{"line":58,"column":0},"end":{"line":58,"column":65}},"58":{"start":{"line":59,"column":0},"end":{"line":59,"column":11}},"59":{"start":{"line":60,"column":0},"end":{"line":60,"column":23}},"60":{"start":{"line":61,"column":0},"end":{"line":61,"column":0}},"61":{"start":{"line":62,"column":0},"end":{"line":62,"column":24}},"62":{"start":{"line":63,"column":0},"end":{"line":63,"column":38}},"63":{"start":{"line":64,"column":0},"end":{"line":64,"column":27}},"64":{"start":{"line":65,"column":0},"end":{"line":65,"column":0}},"65":{"start":{"line":66,"column":0},"end":{"line":66,"column":12}},"66":{"start":{"line":67,"column":0},"end":{"line":67,"column":13}},"67":{"start":{"line":68,"column":0},"end":{"line":68,"column":41}},"68":{"start":{"line":69,"column":0},"end":{"line":69,"column":19}},"69":{"start":{"line":70,"column":0},"end":{"line":70,"column":23}},"70":{"start":{"line":71,"column":0},"end":{"line":71,"column":24}},"71":{"start":{"line":72,"column":0},"end":{"line":72,"column":39}},"72":{"start":{"line":73,"column":0},"end":{"line":73,"column":41}},"73":{"start":{"line":74,"column":0},"end":{"line":74,"column":42}},"74":{"start":{"line":75,"column":0},"end":{"line":75,"column":39}},"75":{"start":{"line":76,"column":0},"end":{"line":76,"column":39}},"76":{"start":{"line":77,"column":0},"end":{"line":77,"column":25}},"77":{"start":{"line":78,"column":0},"end":{"line":78,"column":24}},"78":{"start":{"line":79,"column":0},"end":{"line":79,"column":23}},"79":{"start":{"line":80,"column":0},"end":{"line":80,"column":50}},"80":{"start":{"line":81,"column":0},"end":{"line":81,"column":61}},"81":{"start":{"line":82,"column":0},"end":{"line":82,"column":43}},"82":{"start":{"line":83,"column":0},"end":{"line":83,"column":52}},"83":{"start":{"line":84,"column":0},"end":{"line":84,"column":26}},"84":{"start":{"line":85,"column":0},"end":{"line":85,"column":0}},"85":{"start":{"line":86,"column":0},"end":{"line":86,"column":67}},"86":{"start":{"line":87,"column":0},"end":{"line":87,"column":59}},"87":{"start":{"line":88,"column":0},"end":{"line":88,"column":47}},"88":{"start":{"line":89,"column":0},"end":{"line":89,"column":32}},"89":{"start":{"line":90,"column":0},"end":{"line":90,"column":84}},"90":{"start":{"line":91,"column":0},"end":{"line":91,"column":84}},"91":{"start":{"line":92,"column":0},"end":{"line":92,"column":76}},"92":{"start":{"line":93,"column":0},"end":{"line":93,"column":51}},"93":{"start":{"line":94,"column":0},"end":{"line":94,"column":40}},"94":{"start":{"line":95,"column":0},"end":{"line":95,"column":37}},"95":{"start":{"line":96,"column":0},"end":{"line":96,"column":100}},"96":{"start":{"line":97,"column":0},"end":{"line":97,"column":90}},"97":{"start":{"line":98,"column":0},"end":{"line":98,"column":89}},"98":{"start":{"line":99,"column":0},"end":{"line":99,"column":66}},"99":{"start":{"line":100,"column":0},"end":{"line":100,"column":43}},"100":{"start":{"line":101,"column":0},"end":{"line":101,"column":75}},"101":{"start":{"line":102,"column":0},"end":{"line":102,"column":56}},"102":{"start":{"line":103,"column":0},"end":{"line":103,"column":79}},"103":{"start":{"line":104,"column":0},"end":{"line":104,"column":66}},"104":{"start":{"line":105,"column":0},"end":{"line":105,"column":42}},"105":{"start":{"line":106,"column":0},"end":{"line":106,"column":37}},"106":{"start":{"line":107,"column":0},"end":{"line":107,"column":41}},"107":{"start":{"line":108,"column":0},"end":{"line":108,"column":45}},"108":{"start":{"line":109,"column":0},"end":{"line":109,"column":37}},"109":{"start":{"line":110,"column":0},"end":{"line":110,"column":33}},"110":{"start":{"line":111,"column":0},"end":{"line":111,"column":26}},"111":{"start":{"line":112,"column":0},"end":{"line":112,"column":23}},"112":{"start":{"line":113,"column":0},"end":{"line":113,"column":24}},"113":{"start":{"line":114,"column":0},"end":{"line":114,"column":62}},"114":{"start":{"line":115,"column":0},"end":{"line":115,"column":31}},"115":{"start":{"line":116,"column":0},"end":{"line":116,"column":74}},"116":{"start":{"line":117,"column":0},"end":{"line":117,"column":32}},"117":{"start":{"line":118,"column":0},"end":{"line":118,"column":29}},"118":{"start":{"line":119,"column":0},"end":{"line":119,"column":25}},"119":{"start":{"line":120,"column":0},"end":{"line":120,"column":24}},"120":{"start":{"line":121,"column":0},"end":{"line":121,"column":20}},"121":{"start":{"line":122,"column":0},"end":{"line":122,"column":0}},"122":{"start":{"line":123,"column":0},"end":{"line":123,"column":47}},"123":{"start":{"line":124,"column":0},"end":{"line":124,"column":50}},"124":{"start":{"line":125,"column":0},"end":{"line":125,"column":28}},"125":{"start":{"line":126,"column":0},"end":{"line":126,"column":73}},"126":{"start":{"line":127,"column":0},"end":{"line":127,"column":67}},"127":{"start":{"line":128,"column":0},"end":{"line":128,"column":30}},"128":{"start":{"line":129,"column":0},"end":{"line":129,"column":22}},"129":{"start":{"line":130,"column":0},"end":{"line":130,"column":19}},"130":{"start":{"line":131,"column":0},"end":{"line":131,"column":18}},"131":{"start":{"line":132,"column":0},"end":{"line":132,"column":44}},"132":{"start":{"line":133,"column":0},"end":{"line":133,"column":50}},"133":{"start":{"line":134,"column":0},"end":{"line":134,"column":28}},"134":{"start":{"line":135,"column":0},"end":{"line":135,"column":43}},"135":{"start":{"line":136,"column":0},"end":{"line":136,"column":73}},"136":{"start":{"line":137,"column":0},"end":{"line":137,"column":47}},"137":{"start":{"line":138,"column":0},"end":{"line":138,"column":35}},"138":{"start":{"line":139,"column":0},"end":{"line":139,"column":30}},"139":{"start":{"line":140,"column":0},"end":{"line":140,"column":22}},"140":{"start":{"line":141,"column":0},"end":{"line":141,"column":19}},"141":{"start":{"line":142,"column":0},"end":{"line":142,"column":18}},"142":{"start":{"line":143,"column":0},"end":{"line":143,"column":44}},"143":{"start":{"line":144,"column":0},"end":{"line":144,"column":30}},"144":{"start":{"line":145,"column":0},"end":{"line":145,"column":30}},"145":{"start":{"line":146,"column":0},"end":{"line":146,"column":30}},"146":{"start":{"line":147,"column":0},"end":{"line":147,"column":30}},"147":{"start":{"line":148,"column":0},"end":{"line":148,"column":30}},"148":{"start":{"line":149,"column":0},"end":{"line":149,"column":30}},"149":{"start":{"line":150,"column":0},"end":{"line":150,"column":30}},"150":{"start":{"line":151,"column":0},"end":{"line":151,"column":30}},"151":{"start":{"line":152,"column":0},"end":{"line":152,"column":30}},"152":{"start":{"line":153,"column":0},"end":{"line":153,"column":30}},"153":{"start":{"line":154,"column":0},"end":{"line":154,"column":30}},"154":{"start":{"line":155,"column":0},"end":{"line":155,"column":30}},"155":{"start":{"line":156,"column":0},"end":{"line":156,"column":22}},"156":{"start":{"line":157,"column":0},"end":{"line":157,"column":14}},"157":{"start":{"line":158,"column":0},"end":{"line":158,"column":6}},"158":{"start":{"line":159,"column":0},"end":{"line":159,"column":1}},"159":{"start":{"line":160,"column":0},"end":{"line":160,"column":0}},"160":{"start":{"line":161,"column":0},"end":{"line":161,"column":24}}},"s":{"0":1,"1":1,"2":1,"3":1,"4":1,"5":1,"6":1,"7":1,"8":21,"9":21,"10":21,"11":21,"12":21,"13":21,"14":21,"15":21,"16":21,"17":21,"18":48,"19":24,"20":24,"21":24,"22":24,"23":24,"24":24,"25":0,"26":0,"27":0,"28":48,"29":48,"30":21,"31":24,"32":24,"33":24,"34":24,"35":12,"36":12,"37":12,"38":12,"39":12,"40":12,"41":12,"42":0,"43":0,"44":0,"45":12,"46":12,"47":12,"48":12,"49":12,"50":12,"51":24,"52":24,"53":24,"54":24,"55":21,"56":11,"57":24,"58":24,"59":21,"60":21,"61":21,"62":21,"63":21,"64":21,"65":21,"66":21,"67":21,"68":21,"69":21,"70":21,"71":21,"72":21,"73":21,"74":21,"75":21,"76":21,"77":21,"78":21,"79":21,"80":48,"81":48,"82":48,"83":48,"84":48,"85":48,"86":24,"87":24,"88":48,"89":48,"90":48,"91":48,"92":48,"93":48,"94":48,"95":48,"96":48,"97":48,"98":48,"99":48,"100":48,"101":48,"102":1,"103":1,"104":1,"105":48,"106":48,"107":48,"108":48,"109":48,"110":48,"111":48,"112":21,"113":21,"114":21,"115":21,"116":21,"117":21,"118":21,"119":21,"120":21,"121":21,"122":21,"123":21,"124":21,"125":21,"126":21,"127":21,"128":21,"129":21,"130":21,"131":21,"132":21,"133":21,"134":21,"135":21,"136":21,"137":21,"138":21,"139":21,"140":21,"141":21,"142":21,"143":21,"144":21,"145":21,"146":21,"147":21,"148":21,"149":21,"150":21,"151":21,"152":21,"153":21,"154":21,"155":21,"156":21,"157":21,"158":21,"159":21,"160":1},"branchMap":{"0":{"type":"branch","line":9,"loc":{"start":{"line":9,"column":0},"end":{"line":161,"column":15}},"locations":[{"start":{"line":9,"column":0},"end":{"line":161,"column":15}}]},"1":{"type":"branch","line":18,"loc":{"start":{"line":18,"column":4},"end":{"line":31,"column":13}},"locations":[{"start":{"line":18,"column":4},"end":{"line":31,"column":13}}]},"2":{"type":"branch","line":19,"loc":{"start":{"line":19,"column":33},"end":{"line":29,"column":15}},"locations":[{"start":{"line":19,"column":33},"end":{"line":29,"column":15}}]},"3":{"type":"branch","line":25,"loc":{"start":{"line":25,"column":8},"end":{"line":29,"column":15}},"locations":[{"start":{"line":25,"column":8},"end":{"line":29,"column":15}}]},"4":{"type":"branch","line":31,"loc":{"start":{"line":31,"column":4},"end":{"line":56,"column":14}},"locations":[{"start":{"line":31,"column":4},"end":{"line":56,"column":14}}]},"5":{"type":"branch","line":35,"loc":{"start":{"line":35,"column":31},"end":{"line":52,"column":25}},"locations":[{"start":{"line":35,"column":31},"end":{"line":52,"column":25}}]},"6":{"type":"branch","line":36,"loc":{"start":{"line":36,"column":29},"end":{"line":37,"column":16}},"locations":[{"start":{"line":36,"column":29},"end":{"line":37,"column":16}}]},"7":{"type":"branch","line":37,"loc":{"start":{"line":37,"column":29},"end":{"line":38,"column":16}},"locations":[{"start":{"line":37,"column":29},"end":{"line":38,"column":16}}]},"8":{"type":"branch","line":38,"loc":{"start":{"line":38,"column":29},"end":{"line":39,"column":16}},"locations":[{"start":{"line":38,"column":29},"end":{"line":39,"column":16}}]},"9":{"type":"branch","line":39,"loc":{"start":{"line":39,"column":29},"end":{"line":40,"column":16}},"locations":[{"start":{"line":39,"column":29},"end":{"line":40,"column":16}}]},"10":{"type":"branch","line":40,"loc":{"start":{"line":40,"column":29},"end":{"line":41,"column":16}},"locations":[{"start":{"line":40,"column":29},"end":{"line":41,"column":16}}]},"11":{"type":"branch","line":41,"loc":{"start":{"line":41,"column":29},"end":{"line":42,"column":16}},"locations":[{"start":{"line":41,"column":29},"end":{"line":42,"column":16}}]},"12":{"type":"branch","line":42,"loc":{"start":{"line":42,"column":29},"end":{"line":46,"column":16}},"locations":[{"start":{"line":42,"column":29},"end":{"line":46,"column":16}}]},"13":{"type":"branch","line":46,"loc":{"start":{"line":46,"column":29},"end":{"line":47,"column":16}},"locations":[{"start":{"line":46,"column":29},"end":{"line":47,"column":16}}]},"14":{"type":"branch","line":47,"loc":{"start":{"line":47,"column":29},"end":{"line":48,"column":16}},"locations":[{"start":{"line":47,"column":29},"end":{"line":48,"column":16}}]},"15":{"type":"branch","line":48,"loc":{"start":{"line":48,"column":30},"end":{"line":49,"column":16}},"locations":[{"start":{"line":48,"column":30},"end":{"line":49,"column":16}}]},"16":{"type":"branch","line":49,"loc":{"start":{"line":49,"column":30},"end":{"line":50,"column":16}},"locations":[{"start":{"line":49,"column":30},"end":{"line":50,"column":16}}]},"17":{"type":"branch","line":50,"loc":{"start":{"line":50,"column":30},"end":{"line":50,"column":59}},"locations":[{"start":{"line":50,"column":30},"end":{"line":50,"column":59}}]},"18":{"type":"branch","line":56,"loc":{"start":{"line":56,"column":14},"end":{"line":60,"column":7}},"locations":[{"start":{"line":56,"column":14},"end":{"line":60,"column":7}}]},"19":{"type":"branch","line":57,"loc":{"start":{"line":57,"column":21},"end":{"line":59,"column":11}},"locations":[{"start":{"line":57,"column":21},"end":{"line":59,"column":11}}]},"20":{"type":"branch","line":80,"loc":{"start":{"line":80,"column":34},"end":{"line":112,"column":23}},"locations":[{"start":{"line":80,"column":34},"end":{"line":112,"column":23}}]},"21":{"type":"branch","line":86,"loc":{"start":{"line":86,"column":63},"end":{"line":87,"column":59}},"locations":[{"start":{"line":86,"column":63},"end":{"line":87,"column":59}}]},"22":{"type":"branch","line":87,"loc":{"start":{"line":87,"column":52},"end":{"line":88,"column":47}},"locations":[{"start":{"line":87,"column":52},"end":{"line":88,"column":47}}]},"23":{"type":"branch","line":102,"loc":{"start":{"line":102,"column":49},"end":{"line":105,"column":42}},"locations":[{"start":{"line":102,"column":49},"end":{"line":105,"column":42}}]}},"b":{"0":[21],"1":[48],"2":[24],"3":[0],"4":[24],"5":[12],"6":[6],"7":[0],"8":[6],"9":[0],"10":[0],"11":[0],"12":[0],"13":[0],"14":[0],"15":[0],"16":[0],"17":[0],"18":[11],"19":[24],"20":[48],"21":[24],"22":[24],"23":[1]},"fnMap":{"0":{"name":"Invoices","decl":{"start":{"line":9,"column":0},"end":{"line":161,"column":15}},"loc":{"start":{"line":9,"column":0},"end":{"line":161,"column":15}},"line":9},"1":{"name":"checkStatus","decl":{"start":{"line":18,"column":4},"end":{"line":31,"column":13}},"loc":{"start":{"line":18,"column":4},"end":{"line":31,"column":13}},"line":18},"2":{"name":"calculateMonth","decl":{"start":{"line":31,"column":4},"end":{"line":56,"column":14}},"loc":{"start":{"line":31,"column":4},"end":{"line":56,"column":14}},"line":31},"3":{"name":"onClick","decl":{"start":{"line":102,"column":49},"end":{"line":105,"column":42}},"loc":{"start":{"line":102,"column":49},"end":{"line":105,"column":42}},"line":102}},"f":{"0":21,"1":48,"2":24,"3":1}}
[...]
,"/Users/petterkalrsson/CM/Webb och Mobil/K3/k2/src/contexts/ProjContext.tsx": {"path":"/Users/petterkalrsson/CM/Webb och Mobil/K3/k2/src/contexts/ProjContext.tsx","all":false,"statementMap":{"0":{"start":{"line":1,"column":0},"end":{"line":1,"column":60}},"1":{"start":{"line":2,"column":0},"end":{"line":2,"column":68}},"2":{"start":{"line":3,"column":0},"end":{"line":3,"column":26}},"3":{"start":{"line":4,"column":0},"end":{"line":4,"column":42}},"4":{"start":{"line":5,"column":0},"end":{"line":5,"column":29}},"5":{"start":{"line":6,"column":0},"end":{"line":6,"column":39}},"6":{"start":{"line":7,"column":0},"end":{"line":7,"column":46}},"7":{"start":{"line":8,"column":0},"end":{"line":8,"column":0}},"8":{"start":{"line":9,"column":0},"end":{"line":9,"column":25}},"9":{"start":{"line":10,"column":0},"end":{"line":10,"column":31}},"10":{"start":{"line":11,"column":0},"end":{"line":11,"column":1}},"11":{"start":{"line":12,"column":0},"end":{"line":12,"column":26}},"12":{"start":{"line":13,"column":0},"end":{"line":13,"column":37}},"13":{"start":{"line":14,"column":0},"end":{"line":14,"column":38}},"14":{"start":{"line":15,"column":0},"end":{"line":15,"column":36}},"15":{"start":{"line":16,"column":0},"end":{"line":16,"column":55}},"16":{"start":{"line":17,"column":0},"end":{"line":17,"column":23}},"17":{"start":{"line":18,"column":0},"end":{"line":18,"column":64}},"18":{"start":{"line":19,"column":0},"end":{"line":19,"column":17}},"19":{"start":{"line":20,"column":0},"end":{"line":20,"column":58}},"20":{"start":{"line":21,"column":0},"end":{"line":21,"column":20}},"21":{"start":{"line":22,"column":0},"end":{"line":22,"column":61}},"22":{"start":{"line":23,"column":0},"end":{"line":23,"column":23}},"23":{"start":{"line":24,"column":0},"end":{"line":24,"column":64}},"24":{"start":{"line":25,"column":0},"end":{"line":25,"column":26}},"25":{"start":{"line":26,"column":0},"end":{"line":26,"column":67}},"26":{"start":{"line":27,"column":0},"end":{"line":27,"column":23}},"27":{"start":{"line":28,"column":0},"end":{"line":28,"column":64}},"28":{"start":{"line":29,"column":0},"end":{"line":29,"column":21}},"29":{"start":{"line":30,"column":0},"end":{"line":30,"column":62}},"30":{"start":{"line":31,"column":0},"end":{"line":31,"column":16}},"31":{"start":{"line":32,"column":0},"end":{"line":32,"column":57}},"32":{"start":{"line":33,"column":0},"end":{"line":33,"column":19}},"33":{"start":{"line":34,"column":0},"end":{"line":34,"column":60}},"34":{"start":{"line":35,"column":0},"end":{"line":35,"column":0}},"35":{"start":{"line":36,"column":0},"end":{"line":36,"column":21}},"36":{"start":{"line":37,"column":0},"end":{"line":37,"column":62}},"37":{"start":{"line":38,"column":0},"end":{"line":38,"column":0}},"38":{"start":{"line":39,"column":0},"end":{"line":39,"column":30}},"39":{"start":{"line":40,"column":0},"end":{"line":40,"column":71}},"40":{"start":{"line":41,"column":0},"end":{"line":41,"column":1}},"41":{"start":{"line":42,"column":0},"end":{"line":42,"column":0}},"42":{"start":{"line":43,"column":0},"end":{"line":43,"column":8}},"43":{"start":{"line":44,"column":0},"end":{"line":44,"column":66}},"44":{"start":{"line":45,"column":0},"end":{"line":45,"column":0}},"45":{"start":{"line":46,"column":0},"end":{"line":46,"column":8}},"46":{"start":{"line":47,"column":0},"end":{"line":47,"column":65}},"47":{"start":{"line":48,"column":0},"end":{"line":48,"column":58}},"48":{"start":{"line":49,"column":0},"end":{"line":49,"column":49}},"49":{"start":{"line":50,"column":0},"end":{"line":50,"column":55}},"50":{"start":{"line":51,"column":0},"end":{"line":51,"column":64}},"51":{"start":{"line":52,"column":0},"end":{"line":52,"column":58}},"52":{"start":{"line":53,"column":0},"end":{"line":53,"column":58}},"53":{"start":{"line":54,"column":0},"end":{"line":54,"column":55}},"54":{"start":{"line":55,"column":0},"end":{"line":55,"column":47}},"55":{"start":{"line":56,"column":0},"end":{"line":56,"column":57}},"56":{"start":{"line":57,"column":0},"end":{"line":57,"column":70}},"57":{"start":{"line":58,"column":0},"end":{"line":58,"column":16}},"58":{"start":{"line":59,"column":0},"end":{"line":59,"column":16}},"59":{"start":{"line":60,"column":0},"end":{"line":60,"column":16}},"60":{"start":{"line":61,"column":0},"end":{"line":61,"column":16}},"61":{"start":{"line":62,"column":0},"end":{"line":62,"column":16}},"62":{"start":{"line":63,"column":0},"end":{"line":63,"column":16}},"63":{"start":{"line":64,"column":0},"end":{"line":64,"column":16}},"64":{"start":{"line":65,"column":0},"end":{"line":65,"column":16}},"65":{"start":{"line":66,"column":0},"end":{"line":66,"column":16}},"66":{"start":{"line":67,"column":0},"end":{"line":67,"column":7}},"67":{"start":{"line":68,"column":0},"end":{"line":68,"column":0}},"68":{"start":{"line":69,"column":0},"end":{"line":69,"column":62}},"69":{"start":{"line":70,"column":0},"end":{"line":70,"column":13}},"70":{"start":{"line":71,"column":0},"end":{"line":71,"column":63}},"71":{"start":{"line":72,"column":0},"end":{"line":72,"column":0}},"72":{"start":{"line":73,"column":0},"end":{"line":73,"column":38}},"73":{"start":{"line":74,"column":0},"end":{"line":74,"column":58}},"74":{"start":{"line":75,"column":0},"end":{"line":75,"column":37}},"75":{"start":{"line":76,"column":0},"end":{"line":76,"column":46}},"76":{"start":{"line":77,"column":0},"end":{"line":77,"column":70}},"77":{"start":{"line":78,"column":0},"end":{"line":78,"column":19}},"78":{"start":{"line":79,"column":0},"end":{"line":79,"column":13}},"79":{"start":{"line":80,"column":0},"end":{"line":80,"column":35}},"80":{"start":{"line":81,"column":0},"end":{"line":81,"column":52}},"81":{"start":{"line":82,"column":0},"end":{"line":82,"column":31}},"82":{"start":{"line":83,"column":0},"end":{"line":83,"column":13}},"83":{"start":{"line":84,"column":0},"end":{"line":84,"column":38}},"84":{"start":{"line":85,"column":0},"end":{"line":85,"column":58}},"85":{"start":{"line":86,"column":0},"end":{"line":86,"column":37}},"86":{"start":{"line":87,"column":0},"end":{"line":87,"column":13}},"87":{"start":{"line":88,"column":0},"end":{"line":88,"column":38}},"88":{"start":{"line":89,"column":0},"end":{"line":89,"column":57}},"89":{"start":{"line":90,"column":0},"end":{"line":90,"column":36}},"90":{"start":{"line":91,"column":0},"end":{"line":91,"column":13}},"91":{"start":{"line":92,"column":0},"end":{"line":92,"column":25}},"92":{"start":{"line":93,"column":0},"end":{"line":93,"column":44}},"93":{"start":{"line":94,"column":0},"end":{"line":94,"column":35}},"94":{"start":{"line":95,"column":0},"end":{"line":95,"column":20}},"95":{"start":{"line":96,"column":0},"end":{"line":96,"column":35}},"96":{"start":{"line":97,"column":0},"end":{"line":97,"column":13}},"97":{"start":{"line":98,"column":0},"end":{"line":98,"column":9}},"98":{"start":{"line":99,"column":0},"end":{"line":99,"column":6}},"99":{"start":{"line":100,"column":0},"end":{"line":100,"column":0}},"100":{"start":{"line":101,"column":0},"end":{"line":101,"column":76}},"101":{"start":{"line":102,"column":0},"end":{"line":102,"column":85}},"102":{"start":{"line":103,"column":0},"end":{"line":103,"column":22}},"103":{"start":{"line":104,"column":0},"end":{"line":104,"column":12}},"104":{"start":{"line":105,"column":0},"end":{"line":105,"column":13}},"105":{"start":{"line":106,"column":0},"end":{"line":106,"column":59}},"106":{"start":{"line":107,"column":0},"end":{"line":107,"column":25}},"107":{"start":{"line":108,"column":0},"end":{"line":108,"column":44}},"108":{"start":{"line":109,"column":0},"end":{"line":109,"column":35}},"109":{"start":{"line":110,"column":0},"end":{"line":110,"column":20}},"110":{"start":{"line":111,"column":0},"end":{"line":111,"column":35}},"111":{"start":{"line":112,"column":0},"end":{"line":112,"column":13}},"112":{"start":{"line":113,"column":0},"end":{"line":113,"column":9}},"113":{"start":{"line":114,"column":0},"end":{"line":114,"column":5}},"114":{"start":{"line":115,"column":0},"end":{"line":115,"column":42}},"115":{"start":{"line":116,"column":0},"end":{"line":116,"column":21}},"116":{"start":{"line":117,"column":0},"end":{"line":117,"column":27}},"117":{"start":{"line":118,"column":0},"end":{"line":118,"column":26}},"118":{"start":{"line":119,"column":0},"end":{"line":119,"column":23}},"119":{"start":{"line":120,"column":0},"end":{"line":120,"column":30}},"120":{"start":{"line":121,"column":0},"end":{"line":121,"column":17}},"121":{"start":{"line":122,"column":0},"end":{"line":122,"column":5}},"122":{"start":{"line":123,"column":0},"end":{"line":123,"column":0}},"123":{"start":{"line":124,"column":0},"end":{"line":124,"column":43}},"124":{"start":{"line":125,"column":0},"end":{"line":125,"column":54}},"125":{"start":{"line":126,"column":0},"end":{"line":126,"column":45}},"126":{"start":{"line":127,"column":0},"end":{"line":127,"column":28}},"127":{"start":{"line":128,"column":0},"end":{"line":128,"column":96}},"128":{"start":{"line":129,"column":0},"end":{"line":129,"column":20}},"129":{"start":{"line":130,"column":0},"end":{"line":130,"column":5}},"130":{"start":{"line":131,"column":0},"end":{"line":131,"column":0}},"131":{"start":{"line":132,"column":0},"end":{"line":132,"column":0}},"132":{"start":{"line":133,"column":0},"end":{"line":133,"column":61}},"133":{"start":{"line":134,"column":0},"end":{"line":134,"column":12}},"134":{"start":{"line":135,"column":0},"end":{"line":135,"column":32}},"135":{"start":{"line":136,"column":0},"end":{"line":136,"column":20}},"136":{"start":{"line":137,"column":0},"end":{"line":137,"column":24}},"137":{"start":{"line":138,"column":0},"end":{"line":138,"column":24}},"138":{"start":{"line":139,"column":0},"end":{"line":139,"column":27}},"139":{"start":{"line":140,"column":0},"end":{"line":140,"column":26}},"140":{"start":{"line":141,"column":0},"end":{"line":141,"column":27}},"141":{"start":{"line":142,"column":0},"end":{"line":142,"column":24}},"142":{"start":{"line":143,"column":0},"end":{"line":143,"column":27}},"143":{"start":{"line":144,"column":0},"end":{"line":144,"column":21}},"144":{"start":{"line":145,"column":0},"end":{"line":145,"column":24}},"145":{"start":{"line":146,"column":0},"end":{"line":146,"column":24}},"146":{"start":{"line":147,"column":0},"end":{"line":147,"column":27}},"147":{"start":{"line":148,"column":0},"end":{"line":148,"column":24}},"148":{"start":{"line":149,"column":0},"end":{"line":149,"column":27}},"149":{"start":{"line":150,"column":0},"end":{"line":150,"column":27}},"150":{"start":{"line":151,"column":0},"end":{"line":151,"column":30}},"151":{"start":{"line":152,"column":0},"end":{"line":152,"column":23}},"152":{"start":{"line":153,"column":0},"end":{"line":153,"column":26}},"153":{"start":{"line":154,"column":0},"end":{"line":154,"column":20}},"154":{"start":{"line":155,"column":0},"end":{"line":155,"column":23}},"155":{"start":{"line":156,"column":0},"end":{"line":156,"column":23}},"156":{"start":{"line":157,"column":0},"end":{"line":157,"column":29}},"157":{"start":{"line":158,"column":0},"end":{"line":158,"column":25}},"158":{"start":{"line":159,"column":0},"end":{"line":159,"column":28}},"159":{"start":{"line":160,"column":0},"end":{"line":160,"column":23}},"160":{"start":{"line":161,"column":0},"end":{"line":161,"column":32}},"161":{"start":{"line":162,"column":0},"end":{"line":162,"column":35}},"162":{"start":{"line":163,"column":0},"end":{"line":163,"column":14}},"163":{"start":{"line":164,"column":0},"end":{"line":164,"column":9}},"164":{"start":{"line":165,"column":0},"end":{"line":165,"column":22}},"165":{"start":{"line":166,"column":0},"end":{"line":166,"column":34}},"166":{"start":{"line":167,"column":0},"end":{"line":167,"column":6}},"167":{"start":{"line":168,"column":0},"end":{"line":168,"column":2}},"168":{"start":{"line":169,"column":0},"end":{"line":169,"column":8}},"169":{"start":{"line":170,"column":0},"end":{"line":170,"column":40}},"170":{"start":{"line":171,"column":0},"end":{"line":171,"column":52}},"171":{"start":{"line":172,"column":0},"end":{"line":172,"column":32}},"172":{"start":{"line":173,"column":0},"end":{"line":173,"column":46}},"173":{"start":{"line":174,"column":0},"end":{"line":174,"column":5}},"174":{"start":{"line":175,"column":0},"end":{"line":175,"column":24}},"175":{"start":{"line":176,"column":0},"end":{"line":176,"column":2}}},"s":{"0":1,"1":1,"2":1,"3":1,"4":1,"5":1,"6":1,"7":1,"8":1,"9":1,"10":1,"11":1,"12":1,"13":1,"14":1,"15":1,"16":1,"17":1,"18":1,"19":1,"20":1,"21":1,"22":1,"23":1,"24":1,"25":1,"26":1,"27":1,"28":1,"29":1,"30":1,"31":1,"32":1,"33":1,"34":1,"35":1,"36":1,"37":1,"38":1,"39":1,"40":1,"41":1,"42":1,"43":1,"44":1,"45":1,"46":1,"47":22,"48":22,"49":22,"50":22,"51":22,"52":22,"53":22,"54":22,"55":22,"56":22,"57":22,"58":22,"59":22,"60":22,"61":22,"62":22,"63":22,"64":22,"65":22,"66":22,"67":22,"68":22,"69":18,"70":18,"71":18,"72":18,"73":4,"74":4,"75":4,"76":14,"77":14,"78":4,"79":14,"80":3,"81":3,"82":3,"83":14,"84":4,"85":4,"86":4,"87":14,"88":5,"89":5,"90":5,"91":18,"92":0,"93":0,"94":0,"95":0,"96":0,"97":0,"98":18,"99":22,"100":22,"101":1,"102":1,"103":1,"104":1,"105":1,"106":0,"107":0,"108":0,"109":0,"110":0,"111":0,"112":0,"113":1,"114":22,"115":1,"116":1,"117":1,"118":0,"119":0,"120":1,"121":1,"122":1,"123":22,"124":72,"125":72,"126":72,"127":72,"128":72,"129":72,"130":72,"131":72,"132":22,"133":22,"134":22,"135":22,"136":22,"137":22,"138":22,"139":22,"140":22,"141":22,"142":22,"143":22,"144":22,"145":22,"146":22,"147":22,"148":22,"149":22,"150":22,"151":22,"152":22,"153":22,"154":22,"155":22,"156":22,"157":22,"158":22,"159":22,"160":22,"161":22,"162":22,"163":22,"164":22,"165":22,"166":22,"167":7,"168":1,"169":1,"170":114,"171":114,"172":0,"173":0,"174":114,"175":114},"branchMap":{"0":{"type":"branch","line":47,"loc":{"start":{"line":47,"column":32},"end":{"line":168,"column":2}},"locations":[{"start":{"line":47,"column":32},"end":{"line":168,"column":2}}]},"1":{"type":"branch","line":69,"loc":{"start":{"line":69,"column":22},"end":{"line":99,"column":6}},"locations":[{"start":{"line":69,"column":22},"end":{"line":99,"column":6}}]},"2":{"type":"branch","line":73,"loc":{"start":{"line":73,"column":12},"end":{"line":91,"column":13}},"locations":[{"start":{"line":73,"column":12},"end":{"line":91,"column":13}}]},"3":{"type":"branch","line":73,"loc":{"start":{"line":73,"column":12},"end":{"line":73,"column":38}},"locations":[{"start":{"line":73,"column":12},"end":{"line":73,"column":38}}]},"4":{"type":"branch","line":73,"loc":{"start":{"line":73,"column":37},"end":{"line":80,"column":16}},"locations":[{"start":{"line":73,"column":37},"end":{"line":80,"column":16}}]},"5":{"type":"branch","line":80,"loc":{"start":{"line":80,"column":12},"end":{"line":80,"column":35}},"locations":[{"start":{"line":80,"column":12},"end":{"line":80,"column":35}}]},"6":{"type":"branch","line":80,"loc":{"start":{"line":80,"column":34},"end":{"line":84,"column":16}},"locations":[{"start":{"line":80,"column":34},"end":{"line":84,"column":16}}]},"7":{"type":"branch","line":84,"loc":{"start":{"line":84,"column":12},"end":{"line":84,"column":38}},"locations":[{"start":{"line":84,"column":12},"end":{"line":84,"column":38}}]},"8":{"type":"branch","line":84,"loc":{"start":{"line":84,"column":37},"end":{"line":88,"column":16}},"locations":[{"start":{"line":84,"column":37},"end":{"line":88,"column":16}}]},"9":{"type":"branch","line":88,"loc":{"start":{"line":88,"column":12},"end":{"line":88,"column":38}},"locations":[{"start":{"line":88,"column":12},"end":{"line":88,"column":38}}]},"10":{"type":"branch","line":88,"loc":{"start":{"line":88,"column":37},"end":{"line":91,"column":13}},"locations":[{"start":{"line":88,"column":37},"end":{"line":91,"column":13}}]},"11":{"type":"branch","line":92,"loc":{"start":{"line":92,"column":8},"end":{"line":98,"column":9}},"locations":[{"start":{"line":92,"column":8},"end":{"line":98,"column":9}}]},"12":{"type":"branch","line":76,"loc":{"start":{"line":76,"column":30},"end":{"line":78,"column":19}},"locations":[{"start":{"line":76,"column":30},"end":{"line":78,"column":19}}]},"13":{"type":"branch","line":77,"loc":{"start":{"line":77,"column":31},"end":{"line":77,"column":70}},"locations":[{"start":{"line":77,"column":31},"end":{"line":77,"column":70}}]},"14":{"type":"branch","line":101,"loc":{"start":{"line":101,"column":4},"end":{"line":115,"column":13}},"locations":[{"start":{"line":101,"column":4},"end":{"line":115,"column":13}}]},"15":{"type":"branch","line":106,"loc":{"start":{"line":106,"column":57},"end":{"line":113,"column":9}},"locations":[{"start":{"line":106,"column":57},"end":{"line":113,"column":9}}]},"16":{"type":"branch","line":115,"loc":{"start":{"line":115,"column":4},"end":{"line":124,"column":13}},"locations":[{"start":{"line":115,"column":4},"end":{"line":124,"column":13}}]},"17":{"type":"branch","line":124,"loc":{"start":{"line":124,"column":4},"end":{"line":133,"column":10}},"locations":[{"start":{"line":124,"column":4},"end":{"line":133,"column":10}}]},"18":{"type":"branch","line":168,"loc":{"start":{"line":168,"column":0},"end":{"line":168,"column":2}},"locations":[{"start":{"line":168,"column":0},"end":{"line":168,"column":2}}]},"19":{"type":"branch","line":170,"loc":{"start":{"line":170,"column":33},"end":{"line":176,"column":2}},"locations":[{"start":{"line":170,"column":33},"end":{"line":176,"column":2}}]},"20":{"type":"branch","line":172,"loc":{"start":{"line":172,"column":31},"end":{"line":175,"column":11}},"locations":[{"start":{"line":172,"column":31},"end":{"line":175,"column":11}}]},"21":{"type":"branch","line":176,"loc":{"start":{"line":176,"column":0},"end":{"line":176,"column":2}},"locations":[{"start":{"line":176,"column":0},"end":{"line":176,"column":2}}]}},"b":{"0":[22],"1":[18],"2":[14],"3":[16],"4":[4],"5":[16],"6":[3],"7":[16],"8":[4],"9":[16],"10":[5],"11":[0],"12":[14],"13":[9],"14":[1],"15":[0],"16":[1],"17":[72],"18":[7],"19":[114],"20":[0],"21":[114]},"fnMap":{"0":{"name":"ProjectProvider","decl":{"start":{"line":47,"column":32},"end":{"line":168,"column":2}},"loc":{"start":{"line":47,"column":32},"end":{"line":168,"column":2}},"line":47},"1":{"name":"fetchData","decl":{"start":{"line":69,"column":22},"end":{"line":99,"column":6}},"loc":{"start":{"line":69,"column":22},"end":{"line":99,"column":6}},"line":69},"2":{"name":"deletePost","decl":{"start":{"line":101,"column":4},"end":{"line":115,"column":13}},"loc":{"start":{"line":101,"column":4},"end":{"line":115,"column":13}},"line":101},"3":{"name":"showEmo","decl":{"start":{"line":115,"column":4},"end":{"line":124,"column":13}},"loc":{"start":{"line":115,"column":4},"end":{"line":124,"column":13}},"line":115},"4":{"name":"get30B","decl":{"start":{"line":124,"column":4},"end":{"line":133,"column":10}},"loc":{"start":{"line":124,"column":4},"end":{"line":133,"column":10}},"line":124},"5":{"name":"get","decl":{"start":{"line":168,"column":0},"end":{"line":168,"column":2}},"loc":{"start":{"line":168,"column":0},"end":{"line":168,"column":2}},"line":168},"6":{"name":"useProjectContext","decl":{"start":{"line":170,"column":33},"end":{"line":176,"column":2}},"loc":{"start":{"line":170,"column":33},"end":{"line":176,"column":2}},"line":170},"7":{"name":"get","decl":{"start":{"line":176,"column":0},"end":{"line":176,"column":2}},"loc":{"start":{"line":176,"column":0},"end":{"line":176,"column":2}},"line":176}},"f":{"0":22,"1":18,"2":1,"3":1,"4":72,"5":7,"6":114,"7":114}}
}
